mode: set
github.com/luxfi/precompile/ai/ai_mining.go:110.67,111.21 1 1
github.com/luxfi/precompile/ai/ai_mining.go:112.28,113.51 1 0
github.com/luxfi/precompile/ai/ai_mining.go:114.28,115.51 1 1
github.com/luxfi/precompile/ai/ai_mining.go:116.28,117.51 1 0
github.com/luxfi/precompile/ai/ai_mining.go:118.10,119.40 1 1
github.com/luxfi/precompile/ai/ai_mining.go:123.69,124.44 1 0
github.com/luxfi/precompile/ai/ai_mining.go:124.44,126.3 1 0
github.com/luxfi/precompile/ai/ai_mining.go:127.2,128.51 2 0
github.com/luxfi/precompile/ai/ai_mining.go:128.51,130.3 1 0
github.com/luxfi/precompile/ai/ai_mining.go:131.2,131.58 1 0
github.com/luxfi/precompile/ai/ai_mining.go:134.69,135.44 1 1
github.com/luxfi/precompile/ai/ai_mining.go:135.44,137.3 1 1
github.com/luxfi/precompile/ai/ai_mining.go:138.2,139.51 2 1
github.com/luxfi/precompile/ai/ai_mining.go:139.51,141.3 1 0
github.com/luxfi/precompile/ai/ai_mining.go:142.2,142.58 1 1
github.com/luxfi/precompile/ai/ai_mining.go:145.69,146.44 1 0
github.com/luxfi/precompile/ai/ai_mining.go:146.44,148.3 1 0
github.com/luxfi/precompile/ai/ai_mining.go:149.2,150.51 2 0
github.com/luxfi/precompile/ai/ai_mining.go:150.51,152.3 1 0
github.com/luxfi/precompile/ai/ai_mining.go:153.2,153.58 1 0
github.com/luxfi/precompile/ai/ai_mining.go:166.74,167.39 1 1
github.com/luxfi/precompile/ai/ai_mining.go:167.39,169.3 1 1
github.com/luxfi/precompile/ai/ai_mining.go:172.2,179.9 4 1
github.com/luxfi/precompile/ai/ai_mining.go:179.9,181.3 1 1
github.com/luxfi/precompile/ai/ai_mining.go:184.2,189.20 5 1
github.com/luxfi/precompile/ai/ai_mining.go:195.57,196.23 1 1
github.com/luxfi/precompile/ai/ai_mining.go:196.23,198.3 1 1
github.com/luxfi/precompile/ai/ai_mining.go:213.2,213.23 1 1
github.com/luxfi/precompile/ai/ai_mining.go:213.23,215.3 1 1
github.com/luxfi/precompile/ai/ai_mining.go:219.2,220.16 2 1
github.com/luxfi/precompile/ai/ai_mining.go:220.16,222.3 1 0
github.com/luxfi/precompile/ai/ai_mining.go:224.2,224.19 1 1
github.com/luxfi/precompile/ai/ai_mining.go:231.66,232.25 1 1
github.com/luxfi/precompile/ai/ai_mining.go:232.25,234.3 1 0
github.com/luxfi/precompile/ai/ai_mining.go:237.2,237.23 1 1
github.com/luxfi/precompile/ai/ai_mining.go:237.23,239.3 1 0
github.com/luxfi/precompile/ai/ai_mining.go:242.2,242.25 1 1
github.com/luxfi/precompile/ai/ai_mining.go:242.25,244.3 1 0
github.com/luxfi/precompile/ai/ai_mining.go:249.2,249.18 1 1
github.com/luxfi/precompile/ai/ai_mining.go:254.53,259.26 3 1
github.com/luxfi/precompile/ai/ai_mining.go:259.26,260.13 1 1
github.com/luxfi/precompile/ai/ai_mining.go:260.13,262.4 1 1
github.com/luxfi/precompile/ai/ai_mining.go:264.2,264.14 1 1
github.com/luxfi/precompile/ai/ai_mining.go:269.56,270.30 1 1
github.com/luxfi/precompile/ai/ai_mining.go:270.30,272.3 1 1
github.com/luxfi/precompile/ai/ai_mining.go:274.2,278.12 4 1
github.com/luxfi/precompile/ai/ai_mining.go:282.45,291.2 6 1
github.com/luxfi/precompile/ai/ai_mining.go:295.71,307.2 9 1
github.com/luxfi/precompile/ai/ai_mining.go:310.53,311.21 1 1
github.com/luxfi/precompile/ai/ai_mining.go:312.28,313.16 1 1
github.com/luxfi/precompile/ai/ai_mining.go:314.28,315.16 1 1
github.com/luxfi/precompile/ai/ai_mining.go:316.28,317.16 1 1
github.com/luxfi/precompile/ai/ai_mining.go:318.10,319.36 1 1
github.com/luxfi/precompile/ai/ai_mining.go:324.57,325.15 1 1
github.com/luxfi/precompile/ai/ai_mining.go:326.9,327.35 1 1
github.com/luxfi/precompile/ai/ai_mining.go:328.9,329.35 1 1
github.com/luxfi/precompile/ai/ai_mining.go:330.9,331.35 1 1
github.com/luxfi/precompile/ai/ai_mining.go:332.10,333.36 1 1
github.com/luxfi/precompile/ai/ai_mining.go:338.148,339.39 1 1
github.com/luxfi/precompile/ai/ai_mining.go:339.39,342.3 2 0
github.com/luxfi/precompile/ai/ai_mining.go:344.2,350.46 6 1
github.com/luxfi/precompile/ai/ai_mining.go:350.46,352.3 1 1
github.com/luxfi/precompile/ai/ai_mining.go:354.2,354.8 1 1
github.com/luxfi/precompile/ai/ai_mining.go:358.125,368.23 8 1
github.com/luxfi/precompile/ai/ai_mining.go:368.23,370.3 1 1
github.com/luxfi/precompile/ai/ai_mining.go:372.2,372.14 1 1
github.com/luxfi/precompile/ai/ai_mining.go:376.57,378.9 2 1
github.com/luxfi/precompile/ai/ai_mining.go:378.9,380.3 1 1
github.com/luxfi/precompile/ai/ai_mining.go:381.2,381.18 1 1
github.com/luxfi/precompile/ai/ai_mining.go:389.26,391.2 1 0
github.com/luxfi/precompile/ai/ai_mining.go:394.26,395.23 1 0
github.com/luxfi/precompile/ai/ai_mining.go:395.23,397.24 2 0
github.com/luxfi/precompile/ai/ai_mining.go:397.24,399.4 1 0
github.com/luxfi/precompile/ai/ai_mining.go:401.2,401.14 1 0
github.com/luxfi/precompile/ai/ai_mining.go:405.25,407.2 1 0
github.com/luxfi/precompile/ai/ai_mining.go:425.59,426.32 1 0
github.com/luxfi/precompile/ai/ai_mining.go:426.32,428.3 1 0
github.com/luxfi/precompile/ai/ai_mining.go:429.2,431.3 1 0
github.com/luxfi/precompile/ai/ai_mining.go:435.101,444.40 7 0
github.com/luxfi/precompile/ai/ai_mining.go:444.40,447.3 2 0
github.com/luxfi/precompile/ai/ai_mining.go:448.2,448.14 1 0
github.com/luxfi/precompile/ai/ai_mining.go:452.37,456.2 3 0
github.com/luxfi/precompile/ai/ai_mining.go:459.43,460.29 1 0
github.com/luxfi/precompile/ai/ai_mining.go:460.29,462.3 1 0
github.com/luxfi/precompile/ai/ai_mining.go:464.2,477.16 10 0
github.com/luxfi/precompile/ai/ai_mining.go:477.16,479.29 1 0
github.com/luxfi/precompile/ai/ai_mining.go:479.29,481.27 2 0
github.com/luxfi/precompile/ai/ai_mining.go:481.27,483.5 1 0
github.com/luxfi/precompile/ai/ai_mining.go:485.3,485.9 1 0
github.com/luxfi/precompile/ai/ai_mining.go:489.2,489.25 1 0
github.com/luxfi/precompile/ai/ai_mining.go:489.25,490.26 1 0
github.com/luxfi/precompile/ai/ai_mining.go:490.26,492.4 1 0
github.com/luxfi/precompile/ai/ai_mining.go:497.40,501.2 3 0
github.com/luxfi/precompile/ai/ai_mining.go:510.79,513.16 2 0
github.com/luxfi/precompile/ai/ai_mining.go:513.16,515.3 1 0
github.com/luxfi/precompile/ai/ai_mining.go:518.2,519.28 2 0
github.com/luxfi/precompile/ai/ai_mining.go:519.28,521.23 2 0
github.com/luxfi/precompile/ai/ai_mining.go:521.23,523.4 1 0
github.com/luxfi/precompile/ai/ai_mining.go:523.9,525.4 1 0
github.com/luxfi/precompile/ai/ai_mining.go:527.2,527.21 1 0
github.com/luxfi/precompile/ai/ai_mining.go:535.69,538.35 3 0
github.com/luxfi/precompile/ai/ai_mining.go:538.35,539.37 1 0
github.com/luxfi/precompile/ai/ai_mining.go:539.37,542.12 3 0
github.com/luxfi/precompile/ai/ai_mining.go:545.3,546.27 2 0
github.com/luxfi/precompile/ai/ai_mining.go:546.27,549.4 2 0
github.com/luxfi/precompile/ai/ai_mining.go:549.9,552.4 2 0
github.com/luxfi/precompile/ai/ai_mining.go:554.2,554.29 1 0
github.com/luxfi/precompile/ai/ai_mining.go:559.84,561.12 2 0
github.com/luxfi/precompile/ai/ai_mining.go:561.12,563.3 1 0
github.com/luxfi/precompile/ai/ai_mining.go:566.2,567.28 2 0
github.com/luxfi/precompile/ai/ai_mining.go:567.28,569.21 2 0
github.com/luxfi/precompile/ai/ai_mining.go:569.21,571.4 1 0
github.com/luxfi/precompile/ai/ai_mining.go:571.9,573.4 1 0
github.com/luxfi/precompile/ai/ai_mining.go:575.2,575.21 1 0
github.com/luxfi/precompile/ai/ai_mining.go:596.23,600.2 3 0
github.com/luxfi/precompile/ai/ai_mining.go:603.22,607.2 3 0
github.com/luxfi/precompile/ai/module.go:49.13,50.55 1 1
github.com/luxfi/precompile/ai/module.go:50.55,51.13 1 0
github.com/luxfi/precompile/ai/module.go:55.59,57.2 1 0
github.com/luxfi/precompile/ai/module.go:64.9,67.2 1 0
github.com/luxfi/precompile/ai/module.go:74.31,76.2 1 0
github.com/luxfi/precompile/ai/module.go:78.38,80.2 1 0
github.com/luxfi/precompile/ai/module.go:82.36,84.2 1 0
github.com/luxfi/precompile/ai/module.go:86.58,88.9 2 0
github.com/luxfi/precompile/ai/module.go:88.9,90.3 1 0
github.com/luxfi/precompile/ai/module.go:91.2,91.40 1 0
github.com/luxfi/precompile/ai/module.go:94.73,96.2 1 0
github.com/luxfi/precompile/ai/module.go:109.48,110.20 1 0
github.com/luxfi/precompile/ai/module.go:110.20,112.3 1 0
github.com/luxfi/precompile/ai/module.go:114.2,117.18 3 0
github.com/luxfi/precompile/ai/module.go:118.27,119.72 1 0
github.com/luxfi/precompile/ai/module.go:120.31,121.66 1 0
github.com/luxfi/precompile/ai/module.go:122.25,123.60 1 0
github.com/luxfi/precompile/ai/module.go:124.23,125.58 1 0
github.com/luxfi/precompile/ai/module.go:126.25,127.70 1 0
github.com/luxfi/precompile/ai/module.go:128.29,129.47 1 0
github.com/luxfi/precompile/ai/module.go:130.10,131.79 1 0
github.com/luxfi/precompile/ai/module.go:140.27,141.34 1 0
github.com/luxfi/precompile/ai/module.go:141.34,143.3 1 0
github.com/luxfi/precompile/ai/module.go:146.2,146.21 1 0
github.com/luxfi/precompile/ai/module.go:146.21,148.3 1 0
github.com/luxfi/precompile/ai/module.go:150.2,151.40 2 0
github.com/luxfi/precompile/ai/module.go:151.40,153.3 1 0
github.com/luxfi/precompile/ai/module.go:154.2,158.44 4 0
github.com/luxfi/precompile/ai/module.go:158.44,160.3 1 0
github.com/luxfi/precompile/ai/module.go:161.2,165.42 4 0
github.com/luxfi/precompile/ai/module.go:165.42,167.3 1 0
github.com/luxfi/precompile/ai/module.go:168.2,171.16 3 0
github.com/luxfi/precompile/ai/module.go:171.16,173.3 1 0
github.com/luxfi/precompile/ai/module.go:175.2,176.11 2 0
github.com/luxfi/precompile/ai/module.go:176.11,178.3 1 0
github.com/luxfi/precompile/ai/module.go:179.2,179.50 1 0
github.com/luxfi/precompile/ai/module.go:186.27,187.38 1 0
github.com/luxfi/precompile/ai/module.go:187.38,189.3 1 0
github.com/luxfi/precompile/ai/module.go:191.2,191.21 1 0
github.com/luxfi/precompile/ai/module.go:191.21,193.3 1 0
github.com/luxfi/precompile/ai/module.go:195.2,199.16 4 0
github.com/luxfi/precompile/ai/module.go:199.16,201.3 1 0
github.com/luxfi/precompile/ai/module.go:203.2,205.54 3 0
github.com/luxfi/precompile/ai/module.go:212.27,213.32 1 0
github.com/luxfi/precompile/ai/module.go:213.32,215.3 1 0
github.com/luxfi/precompile/ai/module.go:217.2,217.20 1 0
github.com/luxfi/precompile/ai/module.go:217.20,219.3 1 0
github.com/luxfi/precompile/ai/module.go:221.2,222.41 2 0
github.com/luxfi/precompile/ai/module.go:222.41,224.3 1 0
github.com/luxfi/precompile/ai/module.go:225.2,229.42 4 0
github.com/luxfi/precompile/ai/module.go:229.42,231.3 1 0
github.com/luxfi/precompile/ai/module.go:232.2,235.16 3 0
github.com/luxfi/precompile/ai/module.go:235.16,237.3 1 0
github.com/luxfi/precompile/ai/module.go:239.2,240.11 2 0
github.com/luxfi/precompile/ai/module.go:240.11,242.3 1 0
github.com/luxfi/precompile/ai/module.go:243.2,243.48 1 0
github.com/luxfi/precompile/ai/module.go:250.27,251.30 1 0
github.com/luxfi/precompile/ai/module.go:251.30,253.3 1 0
github.com/luxfi/precompile/ai/module.go:255.2,255.21 1 0
github.com/luxfi/precompile/ai/module.go:255.21,257.3 1 0
github.com/luxfi/precompile/ai/module.go:259.2,266.11 6 0
github.com/luxfi/precompile/ai/module.go:266.11,268.3 1 0
github.com/luxfi/precompile/ai/module.go:269.2,269.46 1 0
github.com/luxfi/precompile/ai/module.go:277.27,278.14 1 0
github.com/luxfi/precompile/ai/module.go:278.14,280.3 1 0
github.com/luxfi/precompile/ai/module.go:282.2,282.32 1 0
github.com/luxfi/precompile/ai/module.go:282.32,284.3 1 0
github.com/luxfi/precompile/ai/module.go:286.2,286.21 1 0
github.com/luxfi/precompile/ai/module.go:286.21,288.3 1 0
github.com/luxfi/precompile/ai/module.go:290.2,295.16 5 0
github.com/luxfi/precompile/ai/module.go:295.16,297.3 1 0
github.com/luxfi/precompile/ai/module.go:299.2,301.48 3 0
github.com/luxfi/precompile/ai/module.go:307.27,308.36 1 0
github.com/luxfi/precompile/ai/module.go:308.36,310.3 1 0
github.com/luxfi/precompile/ai/module.go:312.2,312.21 1 0
github.com/luxfi/precompile/ai/module.go:312.21,314.3 1 0
github.com/luxfi/precompile/ai/module.go:316.2,322.55 6 0
github.com/luxfi/precompile/ai/module.go:331.73,333.2 1 0
github.com/luxfi/precompile/ai/module.go:335.80,337.2 1 0
github.com/luxfi/precompile/ai/module.go:340.61,341.20 1 0
github.com/luxfi/precompile/ai/module.go:341.20,343.3 1 0
github.com/luxfi/precompile/ai/module.go:345.2,346.18 2 0
github.com/luxfi/precompile/ai/module.go:347.27,348.24 1 0
github.com/luxfi/precompile/ai/module.go:349.31,350.28 1 0
github.com/luxfi/precompile/ai/module.go:351.25,352.22 1 0
github.com/luxfi/precompile/ai/module.go:353.23,354.20 1 0
github.com/luxfi/precompile/ai/module.go:355.25,356.22 1 0
github.com/luxfi/precompile/ai/module.go:357.29,358.26 1 0
github.com/luxfi/precompile/ai/module.go:359.10,360.28 1 0
github.com/luxfi/precompile/attestation/attestation.go:88.50,89.21 1 1
github.com/luxfi/precompile/attestation/attestation.go:89.21,91.3 1 0
github.com/luxfi/precompile/attestation/attestation.go:94.2,95.48 2 1
github.com/luxfi/precompile/attestation/attestation.go:95.48,97.3 1 0
github.com/luxfi/precompile/attestation/attestation.go:100.2,119.16 3 1
github.com/luxfi/precompile/attestation/attestation.go:119.16,127.3 1 1
github.com/luxfi/precompile/attestation/attestation.go:129.2,135.4 1 1
github.com/luxfi/precompile/attestation/attestation.go:160.46,161.21 1 1
github.com/luxfi/precompile/attestation/attestation.go:161.21,163.3 1 0
github.com/luxfi/precompile/attestation/attestation.go:165.2,166.48 2 1
github.com/luxfi/precompile/attestation/attestation.go:166.48,168.3 1 0
github.com/luxfi/precompile/attestation/attestation.go:171.2,172.22 2 1
github.com/luxfi/precompile/attestation/attestation.go:173.9,174.35 1 1
github.com/luxfi/precompile/attestation/attestation.go:175.9,176.38 1 1
github.com/luxfi/precompile/attestation/attestation.go:177.9,178.35 1 0
github.com/luxfi/precompile/attestation/attestation.go:179.10,180.33 1 0
github.com/luxfi/precompile/attestation/attestation.go:184.2,196.16 3 1
github.com/luxfi/precompile/attestation/attestation.go:196.16,203.3 1 0
github.com/luxfi/precompile/attestation/attestation.go:206.2,213.4 2 1
github.com/luxfi/precompile/attestation/attestation.go:217.64,218.17 1 1
github.com/luxfi/precompile/attestation/attestation.go:219.30,220.12 1 1
github.com/luxfi/precompile/attestation/attestation.go:221.33,222.12 1 1
github.com/luxfi/precompile/attestation/attestation.go:223.30,224.12 1 0
github.com/luxfi/precompile/attestation/attestation.go:225.10,226.12 1 0
github.com/luxfi/precompile/attestation/attestation.go:254.50,255.22 1 0
github.com/luxfi/precompile/attestation/attestation.go:255.22,257.3 1 0
github.com/luxfi/precompile/attestation/attestation.go:259.2,260.48 2 0
github.com/luxfi/precompile/attestation/attestation.go:260.48,262.3 1 0
github.com/luxfi/precompile/attestation/attestation.go:265.2,267.29 3 0
github.com/luxfi/precompile/attestation/attestation.go:267.29,273.3 1 0
github.com/luxfi/precompile/attestation/attestation.go:276.2,277.26 2 0
github.com/luxfi/precompile/attestation/attestation.go:277.26,280.28 1 0
github.com/luxfi/precompile/attestation/attestation.go:280.28,282.4 1 0
github.com/luxfi/precompile/attestation/attestation.go:286.2,286.28 1 0
github.com/luxfi/precompile/attestation/attestation.go:286.28,288.3 1 0
github.com/luxfi/precompile/attestation/attestation.go:290.2,291.18 2 0
github.com/luxfi/precompile/attestation/attestation.go:291.18,293.3 1 0
github.com/luxfi/precompile/attestation/attestation.go:296.2,304.4 3 0
github.com/luxfi/precompile/attestation/attestation.go:329.54,330.21 1 1
github.com/luxfi/precompile/attestation/attestation.go:330.21,332.3 1 0
github.com/luxfi/precompile/attestation/attestation.go:334.2,335.48 2 1
github.com/luxfi/precompile/attestation/attestation.go:335.48,337.3 1 0
github.com/luxfi/precompile/attestation/attestation.go:339.2,342.23 3 1
github.com/luxfi/precompile/attestation/attestation.go:343.9,358.17 3 1
github.com/luxfi/precompile/attestation/attestation.go:358.17,361.4 2 0
github.com/luxfi/precompile/attestation/attestation.go:363.15,365.24 2 1
github.com/luxfi/precompile/attestation/attestation.go:366.10,367.36 1 1
github.com/luxfi/precompile/attestation/attestation.go:368.10,369.39 1 0
github.com/luxfi/precompile/attestation/attestation.go:370.10,371.36 1 0
github.com/luxfi/precompile/attestation/attestation.go:374.3,382.17 3 1
github.com/luxfi/precompile/attestation/attestation.go:382.17,385.4 2 1
github.com/luxfi/precompile/attestation/attestation.go:387.10,388.30 1 0
github.com/luxfi/precompile/attestation/attestation.go:392.2,402.4 3 1
github.com/luxfi/precompile/attestation/attestation.go:425.52,426.21 1 1
github.com/luxfi/precompile/attestation/attestation.go:426.21,428.3 1 0
github.com/luxfi/precompile/attestation/attestation.go:430.2,431.48 2 1
github.com/luxfi/precompile/attestation/attestation.go:431.48,433.3 1 0
github.com/luxfi/precompile/attestation/attestation.go:435.2,438.9 3 1
github.com/luxfi/precompile/attestation/attestation.go:438.9,442.3 1 1
github.com/luxfi/precompile/attestation/attestation.go:444.2,452.4 1 0
github.com/luxfi/precompile/attestation/attestation.go:457.66,459.2 1 0
github.com/luxfi/precompile/attestation/attestation.go:463.44,465.2 1 1
github.com/luxfi/precompile/attestation/attestation.go:467.42,469.2 1 1
github.com/luxfi/precompile/attestation/attestation.go:471.62,478.2 2 1
github.com/luxfi/precompile/attestation/attestation.go:482.45,484.2 1 1
github.com/luxfi/precompile/attestation/attestation.go:487.36,496.2 1 1
github.com/luxfi/precompile/attestation/attestation.go:499.43,501.9 1 1
github.com/luxfi/precompile/attestation/attestation.go:502.51,503.26 1 1
github.com/luxfi/precompile/attestation/attestation.go:504.51,505.22 1 1
github.com/luxfi/precompile/attestation/attestation.go:506.51,507.26 1 1
github.com/luxfi/precompile/attestation/attestation.go:508.51,509.25 1 1
github.com/luxfi/precompile/attestation/attestation.go:510.51,511.28 1 1
github.com/luxfi/precompile/attestation/attestation.go:512.10,513.26 1 0
github.com/luxfi/precompile/attestation/attestation.go:519.40,520.20 1 1
github.com/luxfi/precompile/attestation/attestation.go:520.20,522.3 1 1
github.com/luxfi/precompile/attestation/attestation.go:525.2,529.18 4 1
github.com/luxfi/precompile/attestation/attestation.go:530.39,531.29 1 1
github.com/luxfi/precompile/attestation/attestation.go:532.39,533.25 1 0
github.com/luxfi/precompile/attestation/attestation.go:534.39,535.29 1 0
github.com/luxfi/precompile/attestation/attestation.go:536.39,537.33 1 0
github.com/luxfi/precompile/attestation/attestation.go:538.39,539.31 1 0
github.com/luxfi/precompile/attestation/attestation.go:540.10,541.30 1 0
github.com/luxfi/precompile/attestation/attestation.go:546.38,548.27 2 1
github.com/luxfi/precompile/attestation/attestation.go:548.27,549.26 1 1
github.com/luxfi/precompile/attestation/attestation.go:550.13,551.11 1 1
github.com/luxfi/precompile/attestation/attestation.go:551.11,554.5 2 1
github.com/luxfi/precompile/attestation/attestation.go:554.10,556.5 1 0
github.com/luxfi/precompile/attestation/attestation.go:557.14,559.32 2 1
github.com/luxfi/precompile/attestation/attestation.go:560.15,563.35 3 0
github.com/luxfi/precompile/attestation/attestation.go:564.15,567.35 3 1
github.com/luxfi/precompile/attestation/attestation.go:568.17,569.38 1 0
github.com/luxfi/precompile/attestation/attestation.go:570.17,571.18 1 0
github.com/luxfi/precompile/attestation/attestation.go:571.18,573.5 1 0
github.com/luxfi/precompile/attestation/attestation.go:573.10,578.5 4 0
github.com/luxfi/precompile/attestation/attestation.go:581.2,581.15 1 1
github.com/luxfi/precompile/attestation/module.go:34.13,35.55 1 1
github.com/luxfi/precompile/attestation/module.go:35.55,36.13 1 0
github.com/luxfi/precompile/attestation/module.go:40.59,40.81 1 0
github.com/luxfi/precompile/attestation/module.go:47.9,49.2 1 0
github.com/luxfi/precompile/attestation/module.go:55.38,55.58 1 0
github.com/luxfi/precompile/attestation/module.go:56.38,56.70 1 0
github.com/luxfi/precompile/attestation/module.go:57.38,57.66 1 0
github.com/luxfi/precompile/attestation/module.go:58.58,60.9 2 0
github.com/luxfi/precompile/attestation/module.go:60.9,62.3 1 0
github.com/luxfi/precompile/attestation/module.go:63.2,63.40 1 0
github.com/luxfi/precompile/attestation/module.go:65.61,65.75 1 0
github.com/luxfi/precompile/attestation/module.go:86.27,87.20 1 0
github.com/luxfi/precompile/attestation/module.go:87.20,89.3 1 0
github.com/luxfi/precompile/attestation/module.go:91.2,93.16 3 0
github.com/luxfi/precompile/attestation/module.go:93.16,95.3 1 0
github.com/luxfi/precompile/attestation/module.go:97.2,98.16 2 0
github.com/luxfi/precompile/attestation/module.go:98.16,100.3 1 0
github.com/luxfi/precompile/attestation/module.go:101.2,101.25 1 0
github.com/luxfi/precompile/babyjubjub/contract.go:57.65,58.20 1 1
github.com/luxfi/precompile/babyjubjub/contract.go:58.20,60.3 1 1
github.com/luxfi/precompile/babyjubjub/contract.go:61.2,61.18 1 1
github.com/luxfi/precompile/babyjubjub/contract.go:62.18,63.21 1 1
github.com/luxfi/precompile/babyjubjub/contract.go:64.19,65.22 1 1
github.com/luxfi/precompile/babyjubjub/contract.go:66.17,67.20 1 1
github.com/luxfi/precompile/babyjubjub/contract.go:68.10,69.11 1 1
github.com/luxfi/precompile/babyjubjub/contract.go:80.27,83.16 3 1
github.com/luxfi/precompile/babyjubjub/contract.go:83.16,85.3 1 1
github.com/luxfi/precompile/babyjubjub/contract.go:86.2,86.20 1 1
github.com/luxfi/precompile/babyjubjub/contract.go:86.20,88.3 1 1
github.com/luxfi/precompile/babyjubjub/contract.go:90.2,90.18 1 1
github.com/luxfi/precompile/babyjubjub/contract.go:91.18,92.36 1 1
github.com/luxfi/precompile/babyjubjub/contract.go:93.19,94.37 1 1
github.com/luxfi/precompile/babyjubjub/contract.go:95.17,96.35 1 1
github.com/luxfi/precompile/babyjubjub/contract.go:97.10,98.32 1 1
github.com/luxfi/precompile/babyjubjub/contract.go:102.67,103.26 1 1
github.com/luxfi/precompile/babyjubjub/contract.go:103.26,105.3 1 0
github.com/luxfi/precompile/babyjubjub/contract.go:106.2,110.21 5 1
github.com/luxfi/precompile/babyjubjub/contract.go:110.21,112.3 1 1
github.com/luxfi/precompile/babyjubjub/contract.go:113.2,113.16 1 1
github.com/luxfi/precompile/babyjubjub/contract.go:116.57,123.2 6 1
github.com/luxfi/precompile/babyjubjub/contract.go:125.90,126.28 1 1
github.com/luxfi/precompile/babyjubjub/contract.go:126.28,128.3 1 1
github.com/luxfi/precompile/babyjubjub/contract.go:129.2,130.16 2 1
github.com/luxfi/precompile/babyjubjub/contract.go:130.16,132.3 1 0
github.com/luxfi/precompile/babyjubjub/contract.go:133.2,134.16 2 1
github.com/luxfi/precompile/babyjubjub/contract.go:134.16,136.3 1 1
github.com/luxfi/precompile/babyjubjub/contract.go:137.2,138.34 2 1
github.com/luxfi/precompile/babyjubjub/contract.go:141.91,142.29 1 1
github.com/luxfi/precompile/babyjubjub/contract.go:142.29,144.3 1 1
github.com/luxfi/precompile/babyjubjub/contract.go:145.2,146.16 2 1
github.com/luxfi/precompile/babyjubjub/contract.go:146.16,148.3 1 0
github.com/luxfi/precompile/babyjubjub/contract.go:149.2,153.35 5 1
github.com/luxfi/precompile/babyjubjub/contract.go:156.89,157.26 1 1
github.com/luxfi/precompile/babyjubjub/contract.go:157.26,159.3 1 0
github.com/luxfi/precompile/babyjubjub/contract.go:160.2,165.20 6 1
github.com/luxfi/precompile/babyjubjub/contract.go:165.20,167.3 1 1
github.com/luxfi/precompile/babyjubjub/contract.go:168.2,168.25 1 1
github.com/luxfi/precompile/babyjubjub/module.go:25.13,26.55 1 1
github.com/luxfi/precompile/babyjubjub/module.go:26.55,27.13 1 0
github.com/luxfi/precompile/babyjubjub/module.go:31.59,31.81 1 0
github.com/luxfi/precompile/babyjubjub/module.go:38.9,40.2 1 0
github.com/luxfi/precompile/babyjubjub/module.go:46.38,46.58 1 0
github.com/luxfi/precompile/babyjubjub/module.go:47.38,47.70 1 0
github.com/luxfi/precompile/babyjubjub/module.go:48.38,48.66 1 0
github.com/luxfi/precompile/babyjubjub/module.go:49.58,51.9 2 0
github.com/luxfi/precompile/babyjubjub/module.go:51.9,53.3 1 0
github.com/luxfi/precompile/babyjubjub/module.go:54.2,54.40 1 0
github.com/luxfi/precompile/babyjubjub/module.go:56.61,56.75 1 0
github.com/luxfi/precompile/blake3/contract.go:83.53,85.2 1 1
github.com/luxfi/precompile/blake3/contract.go:88.61,89.20 1 1
github.com/luxfi/precompile/blake3/contract.go:89.20,91.3 1 1
github.com/luxfi/precompile/blake3/contract.go:93.2,97.12 4 1
github.com/luxfi/precompile/blake3/contract.go:98.17,99.49 1 1
github.com/luxfi/precompile/blake3/contract.go:101.17,102.49 1 1
github.com/luxfi/precompile/blake3/contract.go:104.17,105.21 1 1
github.com/luxfi/precompile/blake3/contract.go:105.21,107.4 1 0
github.com/luxfi/precompile/blake3/contract.go:108.3,110.80 3 1
github.com/luxfi/precompile/blake3/contract.go:112.24,113.66 1 1
github.com/luxfi/precompile/blake3/contract.go:115.20,116.21 1 1
github.com/luxfi/precompile/blake3/contract.go:116.21,118.4 1 0
github.com/luxfi/precompile/blake3/contract.go:119.3,120.60 2 1
github.com/luxfi/precompile/blake3/contract.go:122.19,123.51 1 1
github.com/luxfi/precompile/blake3/contract.go:125.10,126.11 1 1
github.com/luxfi/precompile/blake3/contract.go:138.48,141.31 2 1
github.com/luxfi/precompile/blake3/contract.go:141.31,143.3 1 1
github.com/luxfi/precompile/blake3/contract.go:144.2,146.20 2 1
github.com/luxfi/precompile/blake3/contract.go:146.20,148.3 1 1
github.com/luxfi/precompile/blake3/contract.go:150.2,153.12 3 1
github.com/luxfi/precompile/blake3/contract.go:154.17,155.44 1 1
github.com/luxfi/precompile/blake3/contract.go:157.17,158.44 1 1
github.com/luxfi/precompile/blake3/contract.go:160.17,161.25 1 1
github.com/luxfi/precompile/blake3/contract.go:163.24,164.32 1 1
github.com/luxfi/precompile/blake3/contract.go:166.20,167.28 1 1
github.com/luxfi/precompile/blake3/contract.go:169.19,170.27 1 1
github.com/luxfi/precompile/blake3/contract.go:172.10,173.48 1 1
github.com/luxfi/precompile/blake3/contract.go:178.56,179.32 1 1
github.com/luxfi/precompile/blake3/contract.go:179.32,181.3 1 0
github.com/luxfi/precompile/blake3/contract.go:184.2,184.109 1 1
github.com/luxfi/precompile/blake3/contract.go:184.109,186.3 1 1
github.com/luxfi/precompile/blake3/contract.go:189.2,193.15 5 0
github.com/luxfi/precompile/blake3/contract.go:197.56,198.32 1 1
github.com/luxfi/precompile/blake3/contract.go:198.32,200.3 1 0
github.com/luxfi/precompile/blake3/contract.go:201.2,202.18 2 1
github.com/luxfi/precompile/blake3/contract.go:207.73,208.19 1 1
github.com/luxfi/precompile/blake3/contract.go:208.19,210.3 1 0
github.com/luxfi/precompile/blake3/contract.go:212.2,213.33 2 1
github.com/luxfi/precompile/blake3/contract.go:213.33,215.3 1 1
github.com/luxfi/precompile/blake3/contract.go:217.2,218.37 2 1
github.com/luxfi/precompile/blake3/contract.go:218.37,220.3 1 0
github.com/luxfi/precompile/blake3/contract.go:222.2,226.23 5 1
github.com/luxfi/precompile/blake3/contract.go:231.80,232.19 1 1
github.com/luxfi/precompile/blake3/contract.go:232.19,234.3 1 0
github.com/luxfi/precompile/blake3/contract.go:236.2,237.29 2 1
github.com/luxfi/precompile/blake3/contract.go:237.29,239.3 1 0
github.com/luxfi/precompile/blake3/contract.go:241.2,244.37 3 1
github.com/luxfi/precompile/blake3/contract.go:244.37,246.3 1 0
github.com/luxfi/precompile/blake3/contract.go:248.2,249.40 2 1
github.com/luxfi/precompile/blake3/contract.go:254.76,255.19 1 1
github.com/luxfi/precompile/blake3/contract.go:255.19,257.3 1 0
github.com/luxfi/precompile/blake3/contract.go:259.2,260.20 2 1
github.com/luxfi/precompile/blake3/contract.go:260.20,262.3 1 1
github.com/luxfi/precompile/blake3/contract.go:264.2,265.29 2 1
github.com/luxfi/precompile/blake3/contract.go:265.29,267.3 1 0
github.com/luxfi/precompile/blake3/contract.go:270.2,271.41 2 1
github.com/luxfi/precompile/blake3/contract.go:271.41,274.3 2 1
github.com/luxfi/precompile/blake3/contract.go:277.2,277.44 1 1
github.com/luxfi/precompile/blake3/contract.go:281.70,282.22 1 1
github.com/luxfi/precompile/blake3/contract.go:282.22,284.3 1 0
github.com/luxfi/precompile/blake3/contract.go:285.2,285.22 1 1
github.com/luxfi/precompile/blake3/contract.go:285.22,289.3 3 1
github.com/luxfi/precompile/blake3/contract.go:292.2,292.39 1 1
github.com/luxfi/precompile/blake3/contract.go:292.39,294.3 1 1
github.com/luxfi/precompile/blake3/contract.go:297.2,297.22 1 1
github.com/luxfi/precompile/blake3/contract.go:297.22,300.39 2 1
github.com/luxfi/precompile/blake3/contract.go:300.39,305.4 4 1
github.com/luxfi/precompile/blake3/contract.go:308.3,308.110 1 1
github.com/luxfi/precompile/blake3/contract.go:308.110,310.29 2 1
github.com/luxfi/precompile/blake3/contract.go:310.29,312.5 1 1
github.com/luxfi/precompile/blake3/contract.go:313.4,314.12 2 1
github.com/luxfi/precompile/blake3/contract.go:318.3,319.39 2 0
github.com/luxfi/precompile/blake3/contract.go:319.39,326.4 6 0
github.com/luxfi/precompile/blake3/contract.go:327.3,327.21 1 0
github.com/luxfi/precompile/blake3/contract.go:330.2,330.18 1 1
github.com/luxfi/precompile/blake3/contract.go:335.75,336.19 1 1
github.com/luxfi/precompile/blake3/contract.go:336.19,338.3 1 0
github.com/luxfi/precompile/blake3/contract.go:340.2,341.33 2 1
github.com/luxfi/precompile/blake3/contract.go:341.33,343.3 1 0
github.com/luxfi/precompile/blake3/contract.go:345.2,353.23 7 1
github.com/luxfi/precompile/blake3/module.go:27.13,28.55 1 1
github.com/luxfi/precompile/blake3/module.go:28.55,29.13 1 0
github.com/luxfi/precompile/blake3/module.go:33.59,35.2 1 0
github.com/luxfi/precompile/blake3/module.go:42.9,44.2 1 0
github.com/luxfi/precompile/blake3/module.go:51.31,53.2 1 0
github.com/luxfi/precompile/blake3/module.go:55.38,57.2 1 0
github.com/luxfi/precompile/blake3/module.go:59.36,61.2 1 0
github.com/luxfi/precompile/blake3/module.go:63.58,65.9 2 0
github.com/luxfi/precompile/blake3/module.go:65.9,67.3 1 0
github.com/luxfi/precompile/blake3/module.go:68.2,68.40 1 0
github.com/luxfi/precompile/blake3/module.go:71.73,73.2 1 0
github.com/luxfi/precompile/bls12381/contract.go:75.56,76.29 1 1
github.com/luxfi/precompile/bls12381/contract.go:76.29,78.3 1 0
github.com/luxfi/precompile/bls12381/contract.go:81.2,81.20 1 1
github.com/luxfi/precompile/bls12381/contract.go:81.20,82.40 1 1
github.com/luxfi/precompile/bls12381/contract.go:82.40,84.4 1 1
github.com/luxfi/precompile/bls12381/contract.go:87.2,95.21 7 1
github.com/luxfi/precompile/bls12381/contract.go:95.21,97.3 1 1
github.com/luxfi/precompile/bls12381/contract.go:98.2,98.21 1 1
github.com/luxfi/precompile/bls12381/contract.go:98.21,100.3 1 1
github.com/luxfi/precompile/bls12381/contract.go:101.2,101.24 1 1
github.com/luxfi/precompile/bls12381/contract.go:101.24,103.3 1 0
github.com/luxfi/precompile/bls12381/contract.go:104.2,104.16 1 1
github.com/luxfi/precompile/bls12381/contract.go:108.45,115.2 6 1
github.com/luxfi/precompile/bls12381/contract.go:118.56,119.29 1 1
github.com/luxfi/precompile/bls12381/contract.go:119.29,121.3 1 0
github.com/luxfi/precompile/bls12381/contract.go:124.2,124.20 1 1
github.com/luxfi/precompile/bls12381/contract.go:124.20,125.82 1 1
github.com/luxfi/precompile/bls12381/contract.go:125.82,127.4 1 1
github.com/luxfi/precompile/bls12381/contract.go:131.2,143.21 11 1
github.com/luxfi/precompile/bls12381/contract.go:143.21,145.3 1 1
github.com/luxfi/precompile/bls12381/contract.go:146.2,146.21 1 1
github.com/luxfi/precompile/bls12381/contract.go:146.21,148.3 1 0
github.com/luxfi/precompile/bls12381/contract.go:149.2,149.24 1 1
github.com/luxfi/precompile/bls12381/contract.go:149.24,151.3 1 0
github.com/luxfi/precompile/bls12381/contract.go:152.2,152.16 1 1
github.com/luxfi/precompile/bls12381/contract.go:156.45,167.2 10 1
github.com/luxfi/precompile/bls12381/contract.go:169.53,170.28 1 1
github.com/luxfi/precompile/bls12381/contract.go:170.28,172.3 1 0
github.com/luxfi/precompile/bls12381/contract.go:173.2,175.15 3 1
github.com/luxfi/precompile/bls12381/contract.go:178.89,180.16 2 1
github.com/luxfi/precompile/bls12381/contract.go:180.16,182.3 1 1
github.com/luxfi/precompile/bls12381/contract.go:183.2,183.31 1 1
github.com/luxfi/precompile/bls12381/contract.go:183.31,185.3 1 1
github.com/luxfi/precompile/bls12381/contract.go:186.2,187.16 2 1
github.com/luxfi/precompile/bls12381/contract.go:187.16,189.3 1 1
github.com/luxfi/precompile/bls12381/contract.go:190.2,191.16 2 1
github.com/luxfi/precompile/bls12381/contract.go:191.16,193.3 1 0
github.com/luxfi/precompile/bls12381/contract.go:194.2,196.36 3 1
github.com/luxfi/precompile/bls12381/contract.go:199.89,201.16 2 1
github.com/luxfi/precompile/bls12381/contract.go:201.16,203.3 1 1
github.com/luxfi/precompile/bls12381/contract.go:204.2,204.39 1 1
github.com/luxfi/precompile/bls12381/contract.go:204.39,206.3 1 1
github.com/luxfi/precompile/bls12381/contract.go:207.2,208.16 2 1
github.com/luxfi/precompile/bls12381/contract.go:208.16,210.3 1 0
github.com/luxfi/precompile/bls12381/contract.go:211.2,212.16 2 1
github.com/luxfi/precompile/bls12381/contract.go:212.16,214.3 1 0
github.com/luxfi/precompile/bls12381/contract.go:215.2,218.36 4 1
github.com/luxfi/precompile/bls12381/contract.go:221.89,223.49 2 1
github.com/luxfi/precompile/bls12381/contract.go:223.49,225.3 1 1
github.com/luxfi/precompile/bls12381/contract.go:226.2,229.16 4 1
github.com/luxfi/precompile/bls12381/contract.go:229.16,231.3 1 0
github.com/luxfi/precompile/bls12381/contract.go:233.2,235.26 3 1
github.com/luxfi/precompile/bls12381/contract.go:235.26,238.17 3 1
github.com/luxfi/precompile/bls12381/contract.go:238.17,240.4 1 0
github.com/luxfi/precompile/bls12381/contract.go:241.3,242.17 2 1
github.com/luxfi/precompile/bls12381/contract.go:242.17,244.4 1 0
github.com/luxfi/precompile/bls12381/contract.go:245.3,246.17 2 1
github.com/luxfi/precompile/bls12381/contract.go:249.2,251.16 3 1
github.com/luxfi/precompile/bls12381/contract.go:251.16,253.3 1 0
github.com/luxfi/precompile/bls12381/contract.go:254.2,254.36 1 1
github.com/luxfi/precompile/bls12381/contract.go:257.89,259.16 2 1
github.com/luxfi/precompile/bls12381/contract.go:259.16,261.3 1 0
github.com/luxfi/precompile/bls12381/contract.go:262.2,262.31 1 1
github.com/luxfi/precompile/bls12381/contract.go:262.31,264.3 1 1
github.com/luxfi/precompile/bls12381/contract.go:265.2,266.16 2 1
github.com/luxfi/precompile/bls12381/contract.go:266.16,268.3 1 1
github.com/luxfi/precompile/bls12381/contract.go:269.2,270.16 2 1
github.com/luxfi/precompile/bls12381/contract.go:270.16,272.3 1 0
github.com/luxfi/precompile/bls12381/contract.go:273.2,275.36 3 1
github.com/luxfi/precompile/bls12381/contract.go:278.89,280.16 2 1
github.com/luxfi/precompile/bls12381/contract.go:280.16,282.3 1 1
github.com/luxfi/precompile/bls12381/contract.go:283.2,283.39 1 1
github.com/luxfi/precompile/bls12381/contract.go:283.39,285.3 1 1
github.com/luxfi/precompile/bls12381/contract.go:286.2,287.16 2 1
github.com/luxfi/precompile/bls12381/contract.go:287.16,289.3 1 0
github.com/luxfi/precompile/bls12381/contract.go:290.2,291.16 2 1
github.com/luxfi/precompile/bls12381/contract.go:291.16,293.3 1 0
github.com/luxfi/precompile/bls12381/contract.go:294.2,297.36 4 1
github.com/luxfi/precompile/bls12381/contract.go:300.89,302.49 2 1
github.com/luxfi/precompile/bls12381/contract.go:302.49,304.3 1 1
github.com/luxfi/precompile/bls12381/contract.go:305.2,308.16 4 1
github.com/luxfi/precompile/bls12381/contract.go:308.16,310.3 1 0
github.com/luxfi/precompile/bls12381/contract.go:312.2,314.26 3 1
github.com/luxfi/precompile/bls12381/contract.go:314.26,317.17 3 1
github.com/luxfi/precompile/bls12381/contract.go:317.17,319.4 1 0
github.com/luxfi/precompile/bls12381/contract.go:320.3,321.17 2 1
github.com/luxfi/precompile/bls12381/contract.go:321.17,323.4 1 0
github.com/luxfi/precompile/bls12381/contract.go:324.3,325.17 2 1
github.com/luxfi/precompile/bls12381/contract.go:328.2,330.16 3 1
github.com/luxfi/precompile/bls12381/contract.go:330.16,332.3 1 0
github.com/luxfi/precompile/bls12381/contract.go:333.2,333.36 1 1
github.com/luxfi/precompile/bls12381/contract.go:336.91,337.52 1 1
github.com/luxfi/precompile/bls12381/contract.go:337.52,339.3 1 1
github.com/luxfi/precompile/bls12381/contract.go:340.2,345.16 4 1
github.com/luxfi/precompile/bls12381/contract.go:345.16,347.3 1 1
github.com/luxfi/precompile/bls12381/contract.go:349.2,351.26 3 1
github.com/luxfi/precompile/bls12381/contract.go:351.26,354.17 3 1
github.com/luxfi/precompile/bls12381/contract.go:354.17,356.4 1 0
github.com/luxfi/precompile/bls12381/contract.go:357.3,358.17 2 1
github.com/luxfi/precompile/bls12381/contract.go:358.17,360.4 1 0
github.com/luxfi/precompile/bls12381/contract.go:361.3,362.20 2 1
github.com/luxfi/precompile/bls12381/contract.go:365.2,366.16 2 1
github.com/luxfi/precompile/bls12381/contract.go:366.16,368.3 1 0
github.com/luxfi/precompile/bls12381/contract.go:370.2,371.8 2 1
github.com/luxfi/precompile/bls12381/contract.go:371.8,373.3 1 1
github.com/luxfi/precompile/bls12381/contract.go:374.2,374.25 1 1
github.com/luxfi/precompile/bls12381/contract.go:379.38,380.48 1 1
github.com/luxfi/precompile/bls12381/contract.go:380.48,382.3 1 1
github.com/luxfi/precompile/bls12381/contract.go:383.2,384.52 2 1
github.com/luxfi/precompile/bls12381/contract.go:388.46,389.19 1 1
github.com/luxfi/precompile/bls12381/contract.go:389.19,391.3 1 1
github.com/luxfi/precompile/bls12381/contract.go:393.2,394.9 2 1
github.com/luxfi/precompile/bls12381/contract.go:395.21,396.17 1 1
github.com/luxfi/precompile/bls12381/contract.go:397.21,398.17 1 1
github.com/luxfi/precompile/bls12381/contract.go:399.22,400.17 1 0
github.com/luxfi/precompile/bls12381/contract.go:401.22,402.17 1 0
github.com/luxfi/precompile/bls12381/contract.go:403.22,404.17 1 0
github.com/luxfi/precompile/bls12381/contract.go:405.23,406.17 1 1
github.com/luxfi/precompile/bls12381/contract.go:407.10,408.17 1 0
github.com/luxfi/precompile/bls12381/contract.go:410.2,410.47 1 1
github.com/luxfi/precompile/bls12381/module.go:72.13,81.4 1 1
github.com/luxfi/precompile/bls12381/module.go:81.4,82.51 1 1
github.com/luxfi/precompile/bls12381/module.go:82.51,83.14 1 0
github.com/luxfi/precompile/bls12381/module.go:100.27,102.2 1 1
github.com/luxfi/precompile/bls12381/module.go:113.27,115.2 1 1
github.com/luxfi/precompile/bls12381/module.go:126.27,128.2 1 1
github.com/luxfi/precompile/bls12381/module.go:139.27,141.2 1 1
github.com/luxfi/precompile/bls12381/module.go:152.27,154.2 1 1
github.com/luxfi/precompile/bls12381/module.go:165.27,167.2 1 1
github.com/luxfi/precompile/bls12381/module.go:178.27,180.2 1 1
github.com/luxfi/precompile/bls12381/module.go:185.59,185.81 1 0
github.com/luxfi/precompile/bls12381/module.go:192.9,194.2 1 0
github.com/luxfi/precompile/bls12381/module.go:200.38,200.63 1 0
github.com/luxfi/precompile/bls12381/module.go:201.38,201.70 1 0
github.com/luxfi/precompile/bls12381/module.go:202.38,202.66 1 0
github.com/luxfi/precompile/bls12381/module.go:203.58,205.9 2 0
github.com/luxfi/precompile/bls12381/module.go:205.9,207.3 1 0
github.com/luxfi/precompile/bls12381/module.go:208.2,208.40 1 0
github.com/luxfi/precompile/bls12381/module.go:210.61,210.75 1 0
github.com/luxfi/precompile/bridge/gateway.go:40.40,68.2 3 1
github.com/luxfi/precompile/bridge/gateway.go:70.48,89.2 15 1
github.com/luxfi/precompile/bridge/gateway.go:101.27,106.30 3 1
github.com/luxfi/precompile/bridge/gateway.go:106.30,108.3 1 1
github.com/luxfi/precompile/bridge/gateway.go:110.2,110.36 1 1
github.com/luxfi/precompile/bridge/gateway.go:110.36,112.3 1 1
github.com/luxfi/precompile/bridge/gateway.go:115.2,116.44 2 1
github.com/luxfi/precompile/bridge/gateway.go:116.44,118.3 1 1
github.com/luxfi/precompile/bridge/gateway.go:121.2,121.41 1 1
github.com/luxfi/precompile/bridge/gateway.go:121.41,123.3 1 1
github.com/luxfi/precompile/bridge/gateway.go:124.2,124.75 1 1
github.com/luxfi/precompile/bridge/gateway.go:124.75,126.3 1 1
github.com/luxfi/precompile/bridge/gateway.go:129.2,131.79 3 1
github.com/luxfi/precompile/bridge/gateway.go:131.79,133.3 1 1
github.com/luxfi/precompile/bridge/gateway.go:136.2,137.51 2 1
github.com/luxfi/precompile/bridge/gateway.go:137.51,139.3 1 1
github.com/luxfi/precompile/bridge/gateway.go:142.2,174.21 9 1
github.com/luxfi/precompile/bridge/gateway.go:181.9,186.20 4 1
github.com/luxfi/precompile/bridge/gateway.go:186.20,188.3 1 1
github.com/luxfi/precompile/bridge/gateway.go:190.2,190.39 1 1
github.com/luxfi/precompile/bridge/gateway.go:190.39,192.3 1 1
github.com/luxfi/precompile/bridge/gateway.go:194.2,194.74 1 1
github.com/luxfi/precompile/bridge/gateway.go:194.74,197.3 2 1
github.com/luxfi/precompile/bridge/gateway.go:200.2,200.49 1 1
github.com/luxfi/precompile/bridge/gateway.go:200.49,202.3 1 0
github.com/luxfi/precompile/bridge/gateway.go:205.2,206.33 2 1
github.com/luxfi/precompile/bridge/gateway.go:206.33,207.40 1 1
github.com/luxfi/precompile/bridge/gateway.go:207.40,209.4 1 0
github.com/luxfi/precompile/bridge/gateway.go:213.2,217.12 4 1
github.com/luxfi/precompile/bridge/gateway.go:221.81,226.20 4 1
github.com/luxfi/precompile/bridge/gateway.go:226.20,228.3 1 1
github.com/luxfi/precompile/bridge/gateway.go:230.2,230.21 1 1
github.com/luxfi/precompile/bridge/gateway.go:234.66,239.20 4 1
github.com/luxfi/precompile/bridge/gateway.go:239.20,241.3 1 0
github.com/luxfi/precompile/bridge/gateway.go:243.2,243.75 1 1
github.com/luxfi/precompile/bridge/gateway.go:243.75,245.3 1 0
github.com/luxfi/precompile/bridge/gateway.go:247.2,247.75 1 1
github.com/luxfi/precompile/bridge/gateway.go:247.75,249.3 1 0
github.com/luxfi/precompile/bridge/gateway.go:252.2,253.17 2 1
github.com/luxfi/precompile/bridge/gateway.go:253.17,255.3 1 1
github.com/luxfi/precompile/bridge/gateway.go:257.2,258.12 2 1
github.com/luxfi/precompile/bridge/gateway.go:267.24,271.34 3 1
github.com/luxfi/precompile/bridge/gateway.go:271.34,273.3 1 1
github.com/luxfi/precompile/bridge/gateway.go:275.2,279.31 3 1
github.com/luxfi/precompile/bridge/gateway.go:279.31,281.3 1 1
github.com/luxfi/precompile/bridge/gateway.go:281.8,284.3 2 1
github.com/luxfi/precompile/bridge/gateway.go:287.2,288.21 2 1
github.com/luxfi/precompile/bridge/gateway.go:288.21,297.3 2 1
github.com/luxfi/precompile/bridge/gateway.go:299.2,306.22 5 1
github.com/luxfi/precompile/bridge/gateway.go:315.21,320.17 4 1
github.com/luxfi/precompile/bridge/gateway.go:320.17,322.3 1 0
github.com/luxfi/precompile/bridge/gateway.go:324.2,325.56 2 1
github.com/luxfi/precompile/bridge/gateway.go:325.56,327.3 1 1
github.com/luxfi/precompile/bridge/gateway.go:329.2,329.36 1 1
github.com/luxfi/precompile/bridge/gateway.go:329.36,331.3 1 0
github.com/luxfi/precompile/bridge/gateway.go:334.2,338.33 3 1
github.com/luxfi/precompile/bridge/gateway.go:338.33,340.3 1 0
github.com/luxfi/precompile/bridge/gateway.go:343.2,348.19 4 1
github.com/luxfi/precompile/bridge/gateway.go:360.9,364.45 3 1
github.com/luxfi/precompile/bridge/gateway.go:364.45,366.3 1 1
github.com/luxfi/precompile/bridge/gateway.go:368.2,382.12 2 1
github.com/luxfi/precompile/bridge/gateway.go:393.12,401.2 7 1
github.com/luxfi/precompile/bridge/gateway.go:403.65,412.35 4 1
github.com/luxfi/precompile/bridge/gateway.go:412.35,414.3 1 0
github.com/luxfi/precompile/bridge/gateway.go:415.2,415.66 1 1
github.com/luxfi/precompile/bridge/gateway.go:415.66,417.3 1 0
github.com/luxfi/precompile/bridge/gateway.go:419.2,419.12 1 1
github.com/luxfi/precompile/bridge/gateway.go:422.87,424.23 2 1
github.com/luxfi/precompile/bridge/gateway.go:424.23,426.3 1 1
github.com/luxfi/precompile/bridge/gateway.go:427.2,427.26 1 1
github.com/luxfi/precompile/bridge/gateway.go:430.95,431.30 1 1
github.com/luxfi/precompile/bridge/gateway.go:431.30,433.3 1 1
github.com/luxfi/precompile/bridge/gateway.go:435.2,436.17 2 1
github.com/luxfi/precompile/bridge/gateway.go:436.17,447.3 2 1
github.com/luxfi/precompile/bridge/gateway.go:449.2,449.13 1 1
github.com/luxfi/precompile/bridge/gateway.go:452.71,455.39 3 1
github.com/luxfi/precompile/bridge/gateway.go:455.39,458.3 2 0
github.com/luxfi/precompile/bridge/gateway.go:461.48,462.59 1 1
github.com/luxfi/precompile/bridge/gateway.go:462.59,464.3 1 1
github.com/luxfi/precompile/bridge/gateway.go:466.2,466.56 1 1
github.com/luxfi/precompile/bridge/gateway.go:469.71,496.2 11 1
github.com/luxfi/precompile/bridge/gateway.go:498.81,502.2 1 1
github.com/luxfi/precompile/bridge/gateway.go:504.94,505.67 1 1
github.com/luxfi/precompile/bridge/gateway.go:505.67,507.3 1 1
github.com/luxfi/precompile/bridge/gateway.go:510.2,513.13 3 0
github.com/luxfi/precompile/bridge/signer.go:60.38,71.2 1 0
github.com/luxfi/precompile/bridge/signer.go:79.21,83.48 3 0
github.com/luxfi/precompile/bridge/signer.go:83.48,85.3 1 0
github.com/luxfi/precompile/bridge/signer.go:87.2,87.36 1 0
github.com/luxfi/precompile/bridge/signer.go:87.36,89.3 1 0
github.com/luxfi/precompile/bridge/signer.go:92.2,115.23 8 0
github.com/luxfi/precompile/bridge/signer.go:119.89,124.20 4 0
github.com/luxfi/precompile/bridge/signer.go:124.20,126.3 1 0
github.com/luxfi/precompile/bridge/signer.go:128.2,128.46 1 0
github.com/luxfi/precompile/bridge/signer.go:136.9,141.20 4 0
github.com/luxfi/precompile/bridge/signer.go:141.20,143.3 1 0
github.com/luxfi/precompile/bridge/signer.go:145.2,145.77 1 0
github.com/luxfi/precompile/bridge/signer.go:145.77,147.3 1 0
github.com/luxfi/precompile/bridge/signer.go:149.2,149.51 1 0
github.com/luxfi/precompile/bridge/signer.go:149.51,152.3 2 0
github.com/luxfi/precompile/bridge/signer.go:155.2,155.38 1 0
github.com/luxfi/precompile/bridge/signer.go:155.38,157.3 1 0
github.com/luxfi/precompile/bridge/signer.go:160.2,165.50 4 0
github.com/luxfi/precompile/bridge/signer.go:165.50,168.17 2 0
github.com/luxfi/precompile/bridge/signer.go:168.17,171.4 2 0
github.com/luxfi/precompile/bridge/signer.go:173.3,177.49 3 0
github.com/luxfi/precompile/bridge/signer.go:177.49,179.4 1 0
github.com/luxfi/precompile/bridge/signer.go:182.2,182.12 1 0
github.com/luxfi/precompile/bridge/signer.go:186.60,191.2 3 0
github.com/luxfi/precompile/bridge/signer.go:194.56,198.61 3 0
github.com/luxfi/precompile/bridge/signer.go:198.61,200.3 1 0
github.com/luxfi/precompile/bridge/signer.go:202.2,202.36 1 0
github.com/luxfi/precompile/bridge/signer.go:211.9,216.33 3 0
github.com/luxfi/precompile/bridge/signer.go:216.33,218.3 1 0
github.com/luxfi/precompile/bridge/signer.go:221.2,221.46 1 0
github.com/luxfi/precompile/bridge/signer.go:221.46,222.30 1 0
github.com/luxfi/precompile/bridge/signer.go:222.30,224.4 1 0
github.com/luxfi/precompile/bridge/signer.go:227.2,240.44 2 0
github.com/luxfi/precompile/bridge/signer.go:240.44,243.3 2 0
github.com/luxfi/precompile/bridge/signer.go:243.8,247.3 2 0
github.com/luxfi/precompile/bridge/signer.go:249.2,249.12 1 0
github.com/luxfi/precompile/bridge/signer.go:253.61,260.46 5 0
github.com/luxfi/precompile/bridge/signer.go:260.46,261.30 1 0
github.com/luxfi/precompile/bridge/signer.go:261.30,263.4 1 0
github.com/luxfi/precompile/bridge/signer.go:263.9,265.4 1 0
github.com/luxfi/precompile/bridge/signer.go:268.2,268.12 1 0
github.com/luxfi/precompile/bridge/signer.go:268.12,270.3 1 0
github.com/luxfi/precompile/bridge/signer.go:272.2,276.36 3 0
github.com/luxfi/precompile/bridge/signer.go:276.36,280.3 2 0
github.com/luxfi/precompile/bridge/signer.go:282.2,282.12 1 0
github.com/luxfi/precompile/bridge/signer.go:286.81,290.46 3 0
github.com/luxfi/precompile/bridge/signer.go:290.46,291.30 1 0
github.com/luxfi/precompile/bridge/signer.go:291.30,301.42 5 0
github.com/luxfi/precompile/bridge/signer.go:301.42,304.5 2 0
github.com/luxfi/precompile/bridge/signer.go:306.4,306.14 1 0
github.com/luxfi/precompile/bridge/signer.go:310.2,310.26 1 0
github.com/luxfi/precompile/bridge/signer.go:315.62,316.46 1 0
github.com/luxfi/precompile/bridge/signer.go:316.46,317.63 1 0
github.com/luxfi/precompile/bridge/signer.go:317.63,319.4 1 0
github.com/luxfi/precompile/bridge/signer.go:321.2,321.14 1 0
github.com/luxfi/precompile/bridge/signer.go:324.47,325.36 1 0
github.com/luxfi/precompile/bridge/signer.go:325.36,327.3 1 0
github.com/luxfi/precompile/bridge/signer.go:329.2,329.56 1 0
github.com/luxfi/precompile/bridge/signer.go:332.43,334.2 1 0
github.com/luxfi/precompile/bridge/signer.go:336.75,341.2 0 0
github.com/luxfi/precompile/bridge/signer.go:343.84,347.34 1 0
github.com/luxfi/precompile/bridge/signer.go:347.34,349.3 1 0
github.com/luxfi/precompile/bridge/signer.go:350.2,351.41 2 0
github.com/luxfi/precompile/bridge/signer.go:351.41,353.3 1 0
github.com/luxfi/precompile/bridge/signer.go:355.2,355.22 1 0
github.com/luxfi/precompile/bridge/signer.go:358.67,361.2 0 0
github.com/luxfi/precompile/bridge/signer.go:367.17,371.38 3 0
github.com/luxfi/precompile/bridge/signer.go:371.38,373.3 1 0
github.com/luxfi/precompile/bridge/signer.go:377.2,377.32 1 0
github.com/luxfi/precompile/cggmp21/contract.go:54.60,56.2 1 1
github.com/luxfi/precompile/cggmp21/contract.go:59.68,61.2 1 1
github.com/luxfi/precompile/cggmp21/contract.go:64.48,65.31 1 1
github.com/luxfi/precompile/cggmp21/contract.go:65.31,67.3 1 1
github.com/luxfi/precompile/cggmp21/contract.go:70.2,73.82 2 1
github.com/luxfi/precompile/cggmp21/contract.go:84.27,87.27 2 1
github.com/luxfi/precompile/cggmp21/contract.go:87.27,89.3 1 1
github.com/luxfi/precompile/cggmp21/contract.go:98.2,98.31 1 1
github.com/luxfi/precompile/cggmp21/contract.go:98.31,101.3 1 1
github.com/luxfi/precompile/cggmp21/contract.go:104.2,108.48 3 1
github.com/luxfi/precompile/cggmp21/contract.go:108.48,110.3 1 1
github.com/luxfi/precompile/cggmp21/contract.go:113.2,124.54 5 1
github.com/luxfi/precompile/cggmp21/contract.go:124.54,126.3 1 0
github.com/luxfi/precompile/cggmp21/contract.go:126.8,130.17 3 1
github.com/luxfi/precompile/cggmp21/contract.go:130.17,132.4 1 0
github.com/luxfi/precompile/cggmp21/contract.go:136.2,137.11 2 1
github.com/luxfi/precompile/cggmp21/contract.go:137.11,139.3 1 1
github.com/luxfi/precompile/cggmp21/contract.go:141.2,141.43 1 1
github.com/luxfi/precompile/cggmp21/contract.go:145.93,146.31 1 1
github.com/luxfi/precompile/cggmp21/contract.go:146.31,148.3 1 0
github.com/luxfi/precompile/cggmp21/contract.go:149.2,149.28 1 1
github.com/luxfi/precompile/cggmp21/contract.go:149.28,151.3 1 0
github.com/luxfi/precompile/cggmp21/contract.go:152.2,152.31 1 1
github.com/luxfi/precompile/cggmp21/contract.go:152.31,154.3 1 0
github.com/luxfi/precompile/cggmp21/contract.go:157.2,158.16 2 1
github.com/luxfi/precompile/cggmp21/contract.go:158.16,160.3 1 0
github.com/luxfi/precompile/cggmp21/contract.go:163.2,166.13 2 1
github.com/luxfi/precompile/cggmp21/contract.go:166.13,168.3 1 0
github.com/luxfi/precompile/cggmp21/contract.go:169.2,183.12 6 1
github.com/luxfi/precompile/cggmp21/contract.go:183.12,185.3 1 1
github.com/luxfi/precompile/cggmp21/contract.go:188.2,189.16 2 1
github.com/luxfi/precompile/cggmp21/contract.go:189.16,191.3 1 0
github.com/luxfi/precompile/cggmp21/contract.go:194.2,194.88 1 1
github.com/luxfi/precompile/cggmp21/contract.go:194.88,196.3 1 0
github.com/luxfi/precompile/cggmp21/contract.go:198.2,198.18 1 1
github.com/luxfi/precompile/cggmp21/contract.go:202.80,203.26 1 1
github.com/luxfi/precompile/cggmp21/contract.go:203.26,205.3 1 0
github.com/luxfi/precompile/cggmp21/contract.go:207.2,208.13 2 1
github.com/luxfi/precompile/cggmp21/contract.go:208.13,210.3 1 0
github.com/luxfi/precompile/cggmp21/contract.go:213.2,219.16 6 1
github.com/luxfi/precompile/cggmp21/contract.go:219.16,221.3 1 0
github.com/luxfi/precompile/cggmp21/contract.go:223.2,223.44 1 1
github.com/luxfi/precompile/cggmp21/module.go:16.13,23.17 1 1
github.com/luxfi/precompile/cggmp21/module.go:23.17,24.13 1 0
github.com/luxfi/precompile/cggmp21/module.go:28.59,30.2 1 0
github.com/luxfi/precompile/cggmp21/module.go:37.9,40.2 1 0
github.com/luxfi/precompile/cggmp21/module.go:47.31,49.2 1 0
github.com/luxfi/precompile/cggmp21/module.go:51.38,53.2 1 0
github.com/luxfi/precompile/cggmp21/module.go:55.36,57.2 1 0
github.com/luxfi/precompile/cggmp21/module.go:59.58,61.9 2 0
github.com/luxfi/precompile/cggmp21/module.go:61.9,63.3 1 0
github.com/luxfi/precompile/cggmp21/module.go:64.2,64.40 1 0
github.com/luxfi/precompile/cggmp21/module.go:67.73,70.2 1 0
github.com/luxfi/precompile/compute/contract.go:78.27,79.20 1 1
github.com/luxfi/precompile/compute/contract.go:79.20,81.3 1 1
github.com/luxfi/precompile/compute/contract.go:83.2,86.12 3 1
github.com/luxfi/precompile/compute/contract.go:87.26,88.15 1 1
github.com/luxfi/precompile/compute/contract.go:88.15,90.4 1 1
github.com/luxfi/precompile/compute/contract.go:91.3,92.17 2 1
github.com/luxfi/precompile/compute/contract.go:92.17,94.4 1 0
github.com/luxfi/precompile/compute/contract.go:95.3,95.62 1 1
github.com/luxfi/precompile/compute/contract.go:97.19,98.15 1 1
github.com/luxfi/precompile/compute/contract.go:98.15,100.4 1 1
github.com/luxfi/precompile/compute/contract.go:101.3,102.17 2 1
github.com/luxfi/precompile/compute/contract.go:102.17,104.4 1 0
github.com/luxfi/precompile/compute/contract.go:105.3,105.55 1 1
github.com/luxfi/precompile/compute/contract.go:107.21,108.15 1 1
github.com/luxfi/precompile/compute/contract.go:108.15,110.4 1 0
github.com/luxfi/precompile/compute/contract.go:111.3,112.17 2 1
github.com/luxfi/precompile/compute/contract.go:112.17,114.4 1 0
github.com/luxfi/precompile/compute/contract.go:115.3,115.57 1 1
github.com/luxfi/precompile/compute/contract.go:117.23,119.17 2 1
github.com/luxfi/precompile/compute/contract.go:119.17,121.4 1 0
github.com/luxfi/precompile/compute/contract.go:122.3,122.51 1 1
github.com/luxfi/precompile/compute/contract.go:124.18,126.17 2 1
github.com/luxfi/precompile/compute/contract.go:126.17,128.4 1 0
github.com/luxfi/precompile/compute/contract.go:129.3,129.29 1 1
github.com/luxfi/precompile/compute/contract.go:131.10,132.40 1 1
github.com/luxfi/precompile/compute/contract.go:138.127,139.20 1 1
github.com/luxfi/precompile/compute/contract.go:139.20,141.3 1 0
github.com/luxfi/precompile/compute/contract.go:142.2,164.37 12 1
github.com/luxfi/precompile/compute/contract.go:169.120,170.20 1 1
github.com/luxfi/precompile/compute/contract.go:170.20,172.3 1 0
github.com/luxfi/precompile/compute/contract.go:173.2,197.32 14 1
github.com/luxfi/precompile/compute/contract.go:202.122,203.20 1 1
github.com/luxfi/precompile/compute/contract.go:203.20,205.3 1 0
github.com/luxfi/precompile/compute/contract.go:206.2,213.34 5 1
github.com/luxfi/precompile/compute/contract.go:213.34,215.3 1 0
github.com/luxfi/precompile/compute/contract.go:218.2,219.31 2 1
github.com/luxfi/precompile/compute/contract.go:219.31,221.3 1 1
github.com/luxfi/precompile/compute/contract.go:224.2,225.36 2 1
github.com/luxfi/precompile/compute/contract.go:225.36,227.3 1 0
github.com/luxfi/precompile/compute/contract.go:230.2,236.25 6 1
github.com/luxfi/precompile/compute/contract.go:241.101,242.20 1 1
github.com/luxfi/precompile/compute/contract.go:242.20,244.3 1 0
github.com/luxfi/precompile/compute/contract.go:245.2,252.57 5 1
github.com/luxfi/precompile/compute/contract.go:252.57,255.3 2 0
github.com/luxfi/precompile/compute/contract.go:258.2,260.29 3 1
github.com/luxfi/precompile/compute/contract.go:260.29,263.3 2 1
github.com/luxfi/precompile/compute/contract.go:266.2,270.25 4 1
github.com/luxfi/precompile/compute/contract.go:276.64,277.20 1 1
github.com/luxfi/precompile/compute/contract.go:277.20,279.3 1 0
github.com/luxfi/precompile/compute/contract.go:280.2,284.41 3 1
github.com/luxfi/precompile/compute/contract.go:288.57,290.2 1 1
github.com/luxfi/precompile/compute/contract.go:292.31,293.18 1 1
github.com/luxfi/precompile/compute/contract.go:293.18,295.3 1 0
github.com/luxfi/precompile/compute/contract.go:296.2,298.15 3 1
github.com/luxfi/precompile/compute/module.go:25.13,26.55 1 1
github.com/luxfi/precompile/compute/module.go:26.55,27.13 1 0
github.com/luxfi/precompile/compute/module.go:31.59,31.81 1 0
github.com/luxfi/precompile/compute/module.go:38.9,40.2 1 0
github.com/luxfi/precompile/compute/module.go:46.38,46.58 1 0
github.com/luxfi/precompile/compute/module.go:47.38,47.70 1 0
github.com/luxfi/precompile/compute/module.go:48.38,48.66 1 0
github.com/luxfi/precompile/compute/module.go:49.58,51.9 2 0
github.com/luxfi/precompile/compute/module.go:51.9,53.3 1 0
github.com/luxfi/precompile/compute/module.go:54.2,54.40 1 0
github.com/luxfi/precompile/compute/module.go:56.61,56.75 1 0
github.com/luxfi/precompile/contract/contract.go:32.88,33.25 1 1
github.com/luxfi/precompile/contract/contract.go:33.25,35.3 1 1
github.com/luxfi/precompile/contract/contract.go:36.2,36.38 1 1
github.com/luxfi/precompile/contract/contract.go:40.116,45.2 1 1
github.com/luxfi/precompile/contract/contract.go:47.156,53.2 1 1
github.com/luxfi/precompile/contract/contract.go:65.150,71.37 2 1
github.com/luxfi/precompile/contract/contract.go:71.37,73.13 2 1
github.com/luxfi/precompile/contract/contract.go:73.13,75.4 1 1
github.com/luxfi/precompile/contract/contract.go:76.3,76.59 1 1
github.com/luxfi/precompile/contract/contract.go:79.2,79.22 1 1
github.com/luxfi/precompile/contract/contract.go:84.226,86.42 1 1
github.com/luxfi/precompile/contract/contract.go:86.42,88.3 1 1
github.com/luxfi/precompile/contract/contract.go:91.2,91.30 1 1
github.com/luxfi/precompile/contract/contract.go:91.30,93.3 1 1
github.com/luxfi/precompile/contract/contract.go:96.2,99.9 4 1
github.com/luxfi/precompile/contract/contract.go:99.9,101.3 1 1
github.com/luxfi/precompile/contract/contract.go:104.2,104.44 1 1
github.com/luxfi/precompile/contract/contract.go:104.44,106.3 1 1
github.com/luxfi/precompile/contract/contract.go:108.2,108.94 1 1
github.com/luxfi/precompile/contract/utils.go:37.65,38.60 1 1
github.com/luxfi/precompile/contract/utils.go:38.60,39.73 1 1
github.com/luxfi/precompile/contract/utils.go:41.2,42.17 2 1
github.com/luxfi/precompile/contract/utils.go:46.72,47.31 1 1
github.com/luxfi/precompile/contract/utils.go:47.31,49.3 1 1
github.com/luxfi/precompile/contract/utils.go:50.2,50.39 1 1
github.com/luxfi/precompile/contract/utils.go:55.38,57.16 2 1
github.com/luxfi/precompile/contract/utils.go:57.16,58.13 1 1
github.com/luxfi/precompile/contract/utils.go:61.2,61.15 1 1
github.com/luxfi/precompile/curve25519/contract.go:59.65,60.20 1 1
github.com/luxfi/precompile/curve25519/contract.go:60.20,62.3 1 1
github.com/luxfi/precompile/curve25519/contract.go:63.2,63.18 1 1
github.com/luxfi/precompile/curve25519/contract.go:64.18,65.21 1 1
github.com/luxfi/precompile/curve25519/contract.go:66.19,67.22 1 1
github.com/luxfi/precompile/curve25519/contract.go:68.22,69.25 1 1
github.com/luxfi/precompile/curve25519/contract.go:70.13,73.25 3 1
github.com/luxfi/precompile/curve25519/contract.go:73.25,75.4 1 1
github.com/luxfi/precompile/curve25519/contract.go:76.3,77.46 2 1
github.com/luxfi/precompile/curve25519/contract.go:78.10,79.11 1 1
github.com/luxfi/precompile/curve25519/contract.go:90.27,93.16 3 1
github.com/luxfi/precompile/curve25519/contract.go:93.16,95.3 1 1
github.com/luxfi/precompile/curve25519/contract.go:96.2,96.20 1 1
github.com/luxfi/precompile/curve25519/contract.go:96.20,98.3 1 1
github.com/luxfi/precompile/curve25519/contract.go:100.2,100.18 1 1
github.com/luxfi/precompile/curve25519/contract.go:101.18,102.36 1 1
github.com/luxfi/precompile/curve25519/contract.go:103.19,104.37 1 1
github.com/luxfi/precompile/curve25519/contract.go:105.22,106.40 1 1
github.com/luxfi/precompile/curve25519/contract.go:107.13,108.31 1 1
github.com/luxfi/precompile/curve25519/contract.go:109.10,110.32 1 1
github.com/luxfi/precompile/curve25519/contract.go:114.60,115.31 1 1
github.com/luxfi/precompile/curve25519/contract.go:115.31,117.3 1 0
github.com/luxfi/precompile/curve25519/contract.go:118.2,119.16 2 1
github.com/luxfi/precompile/curve25519/contract.go:119.16,121.3 1 1
github.com/luxfi/precompile/curve25519/contract.go:122.2,122.16 1 1
github.com/luxfi/precompile/curve25519/contract.go:125.62,126.27 1 1
github.com/luxfi/precompile/curve25519/contract.go:126.27,128.3 1 0
github.com/luxfi/precompile/curve25519/contract.go:129.2,130.16 2 1
github.com/luxfi/precompile/curve25519/contract.go:130.16,132.3 1 0
github.com/luxfi/precompile/curve25519/contract.go:133.2,133.15 1 1
github.com/luxfi/precompile/curve25519/contract.go:136.90,137.33 1 1
github.com/luxfi/precompile/curve25519/contract.go:137.33,139.3 1 1
github.com/luxfi/precompile/curve25519/contract.go:140.2,141.16 2 1
github.com/luxfi/precompile/curve25519/contract.go:141.16,143.3 1 0
github.com/luxfi/precompile/curve25519/contract.go:144.2,145.16 2 1
github.com/luxfi/precompile/curve25519/contract.go:145.16,147.3 1 1
github.com/luxfi/precompile/curve25519/contract.go:148.2,149.33 2 1
github.com/luxfi/precompile/curve25519/contract.go:152.91,153.41 1 1
github.com/luxfi/precompile/curve25519/contract.go:153.41,155.3 1 1
github.com/luxfi/precompile/curve25519/contract.go:156.2,157.16 2 1
github.com/luxfi/precompile/curve25519/contract.go:157.16,159.3 1 0
github.com/luxfi/precompile/curve25519/contract.go:160.2,161.16 2 1
github.com/luxfi/precompile/curve25519/contract.go:161.16,163.3 1 0
github.com/luxfi/precompile/curve25519/contract.go:164.2,165.33 2 1
github.com/luxfi/precompile/curve25519/contract.go:168.94,169.27 1 1
github.com/luxfi/precompile/curve25519/contract.go:169.27,171.3 1 1
github.com/luxfi/precompile/curve25519/contract.go:172.2,173.16 2 1
github.com/luxfi/precompile/curve25519/contract.go:173.16,175.3 1 0
github.com/luxfi/precompile/curve25519/contract.go:176.2,177.33 2 1
github.com/luxfi/precompile/curve25519/contract.go:180.85,182.47 2 1
github.com/luxfi/precompile/curve25519/contract.go:182.47,184.3 1 1
github.com/luxfi/precompile/curve25519/contract.go:185.2,190.19 4 1
github.com/luxfi/precompile/curve25519/contract.go:190.19,193.17 3 1
github.com/luxfi/precompile/curve25519/contract.go:193.17,195.4 1 0
github.com/luxfi/precompile/curve25519/contract.go:196.3,197.17 2 1
github.com/luxfi/precompile/curve25519/contract.go:197.17,199.4 1 0
github.com/luxfi/precompile/curve25519/contract.go:200.3,201.17 2 1
github.com/luxfi/precompile/curve25519/contract.go:204.2,205.33 2 1
github.com/luxfi/precompile/curve25519/module.go:25.13,26.55 1 1
github.com/luxfi/precompile/curve25519/module.go:26.55,27.13 1 0
github.com/luxfi/precompile/curve25519/module.go:31.59,31.81 1 0
github.com/luxfi/precompile/curve25519/module.go:38.9,40.2 1 0
github.com/luxfi/precompile/curve25519/module.go:46.38,46.58 1 0
github.com/luxfi/precompile/curve25519/module.go:47.38,47.70 1 0
github.com/luxfi/precompile/curve25519/module.go:48.38,48.66 1 0
github.com/luxfi/precompile/curve25519/module.go:49.58,51.9 2 0
github.com/luxfi/precompile/curve25519/module.go:51.9,53.3 1 0
github.com/luxfi/precompile/curve25519/module.go:54.2,54.40 1 0
github.com/luxfi/precompile/curve25519/module.go:56.61,56.75 1 0
github.com/luxfi/precompile/dead/contract.go:98.27,102.21 2 0
github.com/luxfi/precompile/dead/contract.go:102.21,104.3 1 0
github.com/luxfi/precompile/dead/contract.go:107.2,107.20 1 0
github.com/luxfi/precompile/dead/contract.go:107.20,109.3 1 0
github.com/luxfi/precompile/dead/contract.go:111.2,115.18 4 0
github.com/luxfi/precompile/dead/contract.go:117.24,118.66 1 0
github.com/luxfi/precompile/dead/contract.go:119.27,120.69 1 0
github.com/luxfi/precompile/dead/contract.go:121.28,122.70 1 0
github.com/luxfi/precompile/dead/contract.go:123.26,124.68 1 0
github.com/luxfi/precompile/dead/contract.go:127.24,128.42 1 0
github.com/luxfi/precompile/dead/contract.go:129.27,130.45 1 0
github.com/luxfi/precompile/dead/contract.go:131.28,132.46 1 0
github.com/luxfi/precompile/dead/contract.go:133.24,134.48 1 0
github.com/luxfi/precompile/dead/contract.go:135.25,136.43 1 0
github.com/luxfi/precompile/dead/contract.go:138.10,140.71 1 0
github.com/luxfi/precompile/dead/contract.go:151.27,152.27 1 1
github.com/luxfi/precompile/dead/contract.go:152.27,154.3 1 0
github.com/luxfi/precompile/dead/contract.go:155.2,158.35 2 1
github.com/luxfi/precompile/dead/contract.go:158.35,160.3 1 0
github.com/luxfi/precompile/dead/contract.go:163.2,164.20 2 1
github.com/luxfi/precompile/dead/contract.go:164.20,167.3 1 0
github.com/luxfi/precompile/dead/contract.go:169.2,169.14 1 1
github.com/luxfi/precompile/dead/contract.go:169.14,172.3 1 0
github.com/luxfi/precompile/dead/contract.go:175.2,183.30 4 1
github.com/luxfi/precompile/dead/contract.go:183.30,186.3 2 1
github.com/luxfi/precompile/dead/contract.go:188.2,188.31 1 1
github.com/luxfi/precompile/dead/contract.go:199.27,200.14 1 0
github.com/luxfi/precompile/dead/contract.go:200.14,202.3 1 0
github.com/luxfi/precompile/dead/contract.go:203.2,203.33 1 0
github.com/luxfi/precompile/dead/contract.go:203.33,205.3 1 0
github.com/luxfi/precompile/dead/contract.go:206.2,209.33 2 0
github.com/luxfi/precompile/dead/contract.go:209.33,211.3 1 0
github.com/luxfi/precompile/dead/contract.go:214.2,214.20 1 0
github.com/luxfi/precompile/dead/contract.go:214.20,216.3 1 0
github.com/luxfi/precompile/dead/contract.go:217.2,218.29 2 0
github.com/luxfi/precompile/dead/contract.go:218.29,220.3 1 0
github.com/luxfi/precompile/dead/contract.go:223.2,225.31 2 0
github.com/luxfi/precompile/dead/contract.go:234.27,235.14 1 0
github.com/luxfi/precompile/dead/contract.go:235.14,237.3 1 0
github.com/luxfi/precompile/dead/contract.go:238.2,238.33 1 0
github.com/luxfi/precompile/dead/contract.go:238.33,240.3 1 0
github.com/luxfi/precompile/dead/contract.go:241.2,243.33 2 0
github.com/luxfi/precompile/dead/contract.go:243.33,245.3 1 0
github.com/luxfi/precompile/dead/contract.go:247.2,247.20 1 0
github.com/luxfi/precompile/dead/contract.go:247.20,249.3 1 0
github.com/luxfi/precompile/dead/contract.go:250.2,251.32 2 0
github.com/luxfi/precompile/dead/contract.go:251.32,253.3 1 0
github.com/luxfi/precompile/dead/contract.go:255.2,257.31 2 0
github.com/luxfi/precompile/dead/contract.go:266.27,267.14 1 0
github.com/luxfi/precompile/dead/contract.go:267.14,269.3 1 0
github.com/luxfi/precompile/dead/contract.go:270.2,270.33 1 0
github.com/luxfi/precompile/dead/contract.go:270.33,272.3 1 0
github.com/luxfi/precompile/dead/contract.go:273.2,275.33 2 0
github.com/luxfi/precompile/dead/contract.go:275.33,277.3 1 0
github.com/luxfi/precompile/dead/contract.go:279.2,279.20 1 0
github.com/luxfi/precompile/dead/contract.go:279.20,281.3 1 0
github.com/luxfi/precompile/dead/contract.go:284.2,285.30 2 0
github.com/luxfi/precompile/dead/contract.go:285.30,287.3 1 0
github.com/luxfi/precompile/dead/contract.go:289.2,291.31 2 0
github.com/luxfi/precompile/dead/contract.go:300.27,301.14 1 0
github.com/luxfi/precompile/dead/contract.go:301.14,303.3 1 0
github.com/luxfi/precompile/dead/contract.go:304.2,304.33 1 0
github.com/luxfi/precompile/dead/contract.go:304.33,306.3 1 0
github.com/luxfi/precompile/dead/contract.go:307.2,309.33 2 0
github.com/luxfi/precompile/dead/contract.go:309.33,311.3 1 0
github.com/luxfi/precompile/dead/contract.go:313.2,313.20 1 0
github.com/luxfi/precompile/dead/contract.go:313.20,315.3 1 0
github.com/luxfi/precompile/dead/contract.go:318.2,320.13 3 0
github.com/luxfi/precompile/dead/contract.go:320.13,322.3 1 0
github.com/luxfi/precompile/dead/contract.go:323.2,325.31 2 0
github.com/luxfi/precompile/dead/contract.go:330.105,331.32 1 0
github.com/luxfi/precompile/dead/contract.go:331.32,333.3 1 0
github.com/luxfi/precompile/dead/contract.go:334.2,340.34 5 0
github.com/luxfi/precompile/dead/contract.go:343.108,344.32 1 0
github.com/luxfi/precompile/dead/contract.go:344.32,346.3 1 0
github.com/luxfi/precompile/dead/contract.go:347.2,353.34 5 0
github.com/luxfi/precompile/dead/contract.go:356.109,357.32 1 0
github.com/luxfi/precompile/dead/contract.go:357.32,359.3 1 0
github.com/luxfi/precompile/dead/contract.go:360.2,366.34 5 0
github.com/luxfi/precompile/dead/contract.go:369.118,370.32 1 0
github.com/luxfi/precompile/dead/contract.go:370.32,372.3 1 0
github.com/luxfi/precompile/dead/contract.go:373.2,375.20 2 0
github.com/luxfi/precompile/dead/contract.go:375.20,377.3 1 0
github.com/luxfi/precompile/dead/contract.go:380.2,390.34 7 0
github.com/luxfi/precompile/dead/contract.go:393.106,394.32 1 0
github.com/luxfi/precompile/dead/contract.go:394.32,396.3 1 0
github.com/luxfi/precompile/dead/contract.go:397.2,401.13 4 0
github.com/luxfi/precompile/dead/contract.go:401.13,403.3 1 0
github.com/luxfi/precompile/dead/contract.go:405.2,405.34 1 0
github.com/luxfi/precompile/dead/contract.go:410.88,413.26 2 1
github.com/luxfi/precompile/dead/contract.go:413.26,415.3 1 0
github.com/luxfi/precompile/dead/contract.go:416.2,416.24 1 1
github.com/luxfi/precompile/dead/contract.go:419.84,422.2 2 1
github.com/luxfi/precompile/dead/contract.go:424.87,427.25 3 1
github.com/luxfi/precompile/dead/contract.go:427.25,429.3 1 1
github.com/luxfi/precompile/dead/contract.go:430.2,430.13 1 1
github.com/luxfi/precompile/dead/contract.go:433.80,436.17 2 1
github.com/luxfi/precompile/dead/contract.go:436.17,439.3 1 1
github.com/luxfi/precompile/dead/contract.go:441.2,441.42 1 1
github.com/luxfi/precompile/dead/contract.go:444.75,447.17 2 1
github.com/luxfi/precompile/dead/contract.go:447.17,450.3 1 1
github.com/luxfi/precompile/dead/contract.go:452.2,452.21 1 1
github.com/luxfi/precompile/dead/contract.go:455.107,459.2 3 1
github.com/luxfi/precompile/dead/contract.go:461.95,466.2 4 1
github.com/luxfi/precompile/dead/contract.go:468.91,471.7 3 1
github.com/luxfi/precompile/dead/contract.go:471.7,473.3 1 1
github.com/luxfi/precompile/dead/contract.go:474.2,474.42 1 1
github.com/luxfi/precompile/dead/contract.go:478.107,479.20 1 1
github.com/luxfi/precompile/dead/contract.go:479.20,481.3 1 0
github.com/luxfi/precompile/dead/contract.go:484.2,490.23 4 1
github.com/luxfi/precompile/dead/contract.go:494.72,496.2 1 1
github.com/luxfi/precompile/dead/contract.go:499.91,500.23 1 1
github.com/luxfi/precompile/dead/contract.go:500.23,502.3 1 1
github.com/luxfi/precompile/dead/contract.go:505.2,511.23 4 1
github.com/luxfi/precompile/dead/contract.go:515.46,517.2 1 1
github.com/luxfi/precompile/dead/module.go:49.13,52.73 1 1
github.com/luxfi/precompile/dead/module.go:52.73,53.51 1 1
github.com/luxfi/precompile/dead/module.go:53.51,54.14 1 0
github.com/luxfi/precompile/dead/module.go:59.61,61.2 1 0
github.com/luxfi/precompile/dead/module.go:68.9,70.2 1 0
github.com/luxfi/precompile/dead/module.go:78.31,80.2 1 0
github.com/luxfi/precompile/dead/module.go:82.38,84.2 1 0
github.com/luxfi/precompile/dead/module.go:86.36,88.2 1 0
github.com/luxfi/precompile/dead/module.go:90.58,92.9 2 0
github.com/luxfi/precompile/dead/module.go:92.9,94.3 1 0
github.com/luxfi/precompile/dead/module.go:95.2,95.62 1 0
github.com/luxfi/precompile/dead/module.go:98.73,100.2 1 0
github.com/luxfi/precompile/dex/engine_embedded.go:28.42,30.2 1 0
github.com/luxfi/precompile/dex/engine_embedded.go:33.75,35.16 2 0
github.com/luxfi/precompile/dex/engine_embedded.go:35.16,37.3 1 0
github.com/luxfi/precompile/dex/engine_embedded.go:38.2,38.18 1 0
github.com/luxfi/precompile/dex/engine_embedded.go:43.89,44.70 1 0
github.com/luxfi/precompile/dex/engine_embedded.go:44.71,47.3 0 0
github.com/luxfi/precompile/dex/engine_embedded.go:49.2,54.63 4 0
github.com/luxfi/precompile/dex/engine_embedded.go:54.63,55.17 1 0
github.com/luxfi/precompile/dex/engine_embedded.go:55.17,57.4 1 0
github.com/luxfi/precompile/dex/engine_embedded.go:57.9,59.4 1 0
github.com/luxfi/precompile/dex/engine_embedded.go:62.2,62.16 1 0
github.com/luxfi/precompile/dex/engine_embedded.go:62.16,63.52 1 0
github.com/luxfi/precompile/dex/engine_embedded.go:63.52,65.4 1 0
github.com/luxfi/precompile/dex/engine_embedded.go:66.3,66.47 1 0
github.com/luxfi/precompile/dex/engine_embedded.go:66.47,68.4 1 0
github.com/luxfi/precompile/dex/engine_embedded.go:69.8,70.52 1 0
github.com/luxfi/precompile/dex/engine_embedded.go:70.52,72.4 1 0
github.com/luxfi/precompile/dex/engine_embedded.go:73.3,73.47 1 0
github.com/luxfi/precompile/dex/engine_embedded.go:73.47,75.4 1 0
github.com/luxfi/precompile/dex/engine_embedded.go:79.2,85.16 7 0
github.com/luxfi/precompile/dex/engine_embedded.go:85.16,87.3 1 0
github.com/luxfi/precompile/dex/engine_embedded.go:87.8,89.3 1 0
github.com/luxfi/precompile/dex/engine_embedded.go:92.2,93.121 2 0
github.com/luxfi/precompile/dex/engine_embedded.go:93.121,100.25 2 0
github.com/luxfi/precompile/dex/engine_embedded.go:100.25,102.4 1 0
github.com/luxfi/precompile/dex/engine_embedded.go:103.3,103.25 1 0
github.com/luxfi/precompile/dex/engine_embedded.go:103.25,105.4 1 0
github.com/luxfi/precompile/dex/engine_embedded.go:108.3,109.17 2 0
github.com/luxfi/precompile/dex/engine_embedded.go:109.17,111.4 1 0
github.com/luxfi/precompile/dex/engine_embedded.go:114.3,115.17 2 0
github.com/luxfi/precompile/dex/engine_embedded.go:115.17,116.51 1 0
github.com/luxfi/precompile/dex/engine_embedded.go:116.51,118.5 1 0
github.com/luxfi/precompile/dex/engine_embedded.go:119.9,120.51 1 0
github.com/luxfi/precompile/dex/engine_embedded.go:120.51,122.5 1 0
github.com/luxfi/precompile/dex/engine_embedded.go:126.3,135.17 2 0
github.com/luxfi/precompile/dex/engine_embedded.go:135.17,140.4 3 0
github.com/luxfi/precompile/dex/engine_embedded.go:140.9,144.4 3 0
github.com/luxfi/precompile/dex/engine_embedded.go:147.3,147.56 1 0
github.com/luxfi/precompile/dex/engine_embedded.go:147.56,151.4 2 0
github.com/luxfi/precompile/dex/engine_embedded.go:154.3,157.46 2 0
github.com/luxfi/precompile/dex/engine_embedded.go:157.46,158.19 1 0
github.com/luxfi/precompile/dex/engine_embedded.go:158.19,161.24 2 0
github.com/luxfi/precompile/dex/engine_embedded.go:161.24,165.20 2 0
github.com/luxfi/precompile/dex/engine_embedded.go:165.20,167.7 1 0
github.com/luxfi/precompile/dex/engine_embedded.go:169.6,174.47 2 0
github.com/luxfi/precompile/dex/engine_embedded.go:174.47,175.21 1 0
github.com/luxfi/precompile/dex/engine_embedded.go:175.21,178.8 2 0
github.com/luxfi/precompile/dex/engine_embedded.go:178.13,181.8 2 0
github.com/luxfi/precompile/dex/engine_embedded.go:187.4,187.18 1 0
github.com/luxfi/precompile/dex/engine_embedded.go:187.18,189.5 1 0
github.com/luxfi/precompile/dex/engine_embedded.go:189.10,191.5 1 0
github.com/luxfi/precompile/dex/engine_embedded.go:192.9,195.18 2 0
github.com/luxfi/precompile/dex/engine_embedded.go:195.18,197.5 1 0
github.com/luxfi/precompile/dex/engine_embedded.go:202.2,206.16 4 0
github.com/luxfi/precompile/dex/engine_embedded.go:206.16,208.3 1 0
github.com/luxfi/precompile/dex/engine_embedded.go:208.8,210.3 1 0
github.com/luxfi/precompile/dex/engine_embedded.go:214.2,215.30 2 0
github.com/luxfi/precompile/dex/engine_embedded.go:215.30,218.3 2 0
github.com/luxfi/precompile/dex/engine_embedded.go:218.8,221.3 2 0
github.com/luxfi/precompile/dex/engine_embedded.go:226.2,228.47 3 0
github.com/luxfi/precompile/dex/engine_embedded.go:233.147,241.9 6 0
github.com/luxfi/precompile/dex/engine_embedded.go:241.9,253.3 2 0
github.com/luxfi/precompile/dex/engine_embedded.go:256.2,263.30 4 0
github.com/luxfi/precompile/dex/engine_embedded.go:263.30,265.33 2 0
github.com/luxfi/precompile/dex/engine_embedded.go:265.33,268.4 1 0
github.com/luxfi/precompile/dex/engine_embedded.go:269.3,272.33 3 0
github.com/luxfi/precompile/dex/engine_embedded.go:272.33,274.4 1 0
github.com/luxfi/precompile/dex/engine_embedded.go:275.3,275.59 1 0
github.com/luxfi/precompile/dex/engine_embedded.go:279.2,285.32 5 0
github.com/luxfi/precompile/dex/engine_embedded.go:285.32,293.24 4 0
github.com/luxfi/precompile/dex/engine_embedded.go:293.24,295.4 1 0
github.com/luxfi/precompile/dex/engine_embedded.go:296.3,300.58 3 0
github.com/luxfi/precompile/dex/engine_embedded.go:300.58,302.33 2 0
github.com/luxfi/precompile/dex/engine_embedded.go:302.33,304.5 1 0
github.com/luxfi/precompile/dex/engine_embedded.go:309.2,318.27 6 0
github.com/luxfi/precompile/dex/engine_embedded.go:318.27,321.3 2 0
github.com/luxfi/precompile/dex/engine_embedded.go:321.8,321.35 1 0
github.com/luxfi/precompile/dex/engine_embedded.go:321.35,325.3 2 0
github.com/luxfi/precompile/dex/engine_embedded.go:327.2,333.38 3 0
github.com/luxfi/precompile/dex/engine_embedded.go:337.99,338.57 1 0
github.com/luxfi/precompile/dex/engine_embedded.go:338.57,340.3 1 0
github.com/luxfi/precompile/dex/engine_embedded.go:342.2,342.42 1 0
github.com/luxfi/precompile/dex/engine_embedded.go:342.42,345.3 2 0
github.com/luxfi/precompile/dex/engine_embedded.go:346.2,346.42 1 0
github.com/luxfi/precompile/dex/engine_embedded.go:346.42,349.3 2 0
github.com/luxfi/precompile/dex/engine_embedded.go:351.2,353.15 3 0
github.com/luxfi/precompile/dex/engine_embedded.go:353.15,355.3 1 0
github.com/luxfi/precompile/dex/engine_embedded.go:356.2,356.15 1 0
github.com/luxfi/precompile/dex/engine_embedded.go:356.15,358.3 1 0
github.com/luxfi/precompile/dex/engine_embedded.go:359.2,359.37 1 0
github.com/luxfi/precompile/dex/engine_embedded.go:363.89,364.56 1 0
github.com/luxfi/precompile/dex/engine_embedded.go:364.56,366.3 1 0
github.com/luxfi/precompile/dex/engine_embedded.go:370.2,371.16 2 0
github.com/luxfi/precompile/dex/engine_embedded.go:371.16,373.3 1 0
github.com/luxfi/precompile/dex/engine_embedded.go:373.8,375.3 1 0
github.com/luxfi/precompile/dex/engine_embedded.go:377.2,384.41 2 0
github.com/luxfi/precompile/dex/engine_embedded.go:388.103,397.13 5 0
github.com/luxfi/precompile/dex/engine_embedded.go:397.13,399.3 1 0
github.com/luxfi/precompile/dex/engine_embedded.go:401.2,403.11 2 0
github.com/luxfi/precompile/dex/engine_embedded.go:403.11,406.3 1 0
github.com/luxfi/precompile/dex/engine_embedded.go:406.8,409.3 1 0
github.com/luxfi/precompile/dex/engine_embedded.go:412.2,412.47 1 0
github.com/luxfi/precompile/dex/engine_embedded.go:412.47,413.24 1 0
github.com/luxfi/precompile/dex/engine_embedded.go:413.24,416.4 2 0
github.com/luxfi/precompile/dex/engine_embedded.go:420.2,420.37 1 0
github.com/luxfi/precompile/dex/engine_embedded.go:420.37,424.3 3 0
github.com/luxfi/precompile/dex/engine_embedded.go:428.111,434.20 4 0
github.com/luxfi/precompile/dex/engine_embedded.go:434.20,435.29 1 0
github.com/luxfi/precompile/dex/engine_embedded.go:435.29,438.4 2 0
github.com/luxfi/precompile/dex/engine_embedded.go:438.9,441.4 2 0
github.com/luxfi/precompile/dex/engine_embedded.go:442.8,445.3 2 0
github.com/luxfi/precompile/dex/engine_embedded.go:447.2,447.20 1 0
github.com/luxfi/precompile/dex/engine_embedded.go:447.20,448.28 1 0
github.com/luxfi/precompile/dex/engine_embedded.go:448.28,451.4 2 0
github.com/luxfi/precompile/dex/engine_embedded.go:451.9,454.4 2 0
github.com/luxfi/precompile/dex/engine_embedded.go:455.8,458.3 2 0
github.com/luxfi/precompile/dex/engine_embedded.go:460.2,466.43 5 0
github.com/luxfi/precompile/dex/engine_zap.go:45.66,50.2 1 0
github.com/luxfi/precompile/dex/engine_zap.go:52.66,55.21 3 0
github.com/luxfi/precompile/dex/engine_zap.go:55.21,57.3 1 0
github.com/luxfi/precompile/dex/engine_zap.go:58.2,59.16 2 0
github.com/luxfi/precompile/dex/engine_zap.go:59.16,61.3 1 0
github.com/luxfi/precompile/dex/engine_zap.go:62.2,63.15 2 0
github.com/luxfi/precompile/dex/engine_zap.go:67.67,70.16 3 0
github.com/luxfi/precompile/dex/engine_zap.go:70.16,72.3 1 0
github.com/luxfi/precompile/dex/engine_zap.go:73.2,73.34 1 0
github.com/luxfi/precompile/dex/engine_zap.go:81.95,90.40 7 0
github.com/luxfi/precompile/dex/engine_zap.go:90.40,92.3 1 0
github.com/luxfi/precompile/dex/engine_zap.go:93.2,93.48 1 0
github.com/luxfi/precompile/dex/engine_zap.go:93.48,95.3 1 0
github.com/luxfi/precompile/dex/engine_zap.go:98.2,98.40 1 0
github.com/luxfi/precompile/dex/engine_zap.go:98.40,100.3 1 0
github.com/luxfi/precompile/dex/engine_zap.go:101.2,102.51 2 0
github.com/luxfi/precompile/dex/engine_zap.go:102.51,104.3 1 0
github.com/luxfi/precompile/dex/engine_zap.go:105.2,105.24 1 0
github.com/luxfi/precompile/dex/engine_zap.go:105.24,107.3 1 0
github.com/luxfi/precompile/dex/engine_zap.go:108.2,109.18 2 0
github.com/luxfi/precompile/dex/engine_zap.go:109.18,111.3 1 0
github.com/luxfi/precompile/dex/engine_zap.go:112.2,113.45 2 0
github.com/luxfi/precompile/dex/engine_zap.go:113.45,115.3 1 0
github.com/luxfi/precompile/dex/engine_zap.go:116.2,116.18 1 0
github.com/luxfi/precompile/dex/engine_zap.go:119.33,121.2 1 0
github.com/luxfi/precompile/dex/engine_zap.go:123.94,125.16 2 0
github.com/luxfi/precompile/dex/engine_zap.go:125.16,127.3 1 0
github.com/luxfi/precompile/dex/engine_zap.go:128.2,128.40 1 0
github.com/luxfi/precompile/dex/engine_zap.go:132.70,141.16 6 0
github.com/luxfi/precompile/dex/engine_zap.go:141.16,143.3 1 0
github.com/luxfi/precompile/dex/engine_zap.go:144.2,144.19 1 0
[...]
github.com/luxfi/precompile/fhe/contract.go:1098.97,1100.9 2 0
github.com/luxfi/precompile/fhe/contract.go:1100.9,1102.3 1 0
github.com/luxfi/precompile/fhe/contract.go:1104.2,1105.12 2 0
github.com/luxfi/precompile/fhe/contract.go:1106.13,1107.31 1 0
github.com/luxfi/precompile/fhe/contract.go:1108.13,1109.31 1 0
github.com/luxfi/precompile/fhe/contract.go:1110.10,1111.23 1 0
github.com/luxfi/precompile/fhe/contract.go:1114.2,1114.19 1 0
github.com/luxfi/precompile/fhe/contract.go:1114.19,1116.3 1 0
github.com/luxfi/precompile/fhe/contract.go:1118.2,1118.40 1 0
github.com/luxfi/precompile/fhe/contract.go:1122.82,1124.15 2 1
github.com/luxfi/precompile/fhe/contract.go:1124.15,1126.3 1 0
github.com/luxfi/precompile/fhe/contract.go:1127.2,1127.36 1 1
github.com/luxfi/precompile/fhe/contract.go:1131.77,1135.15 3 1
github.com/luxfi/precompile/fhe/contract.go:1135.15,1137.3 1 0
github.com/luxfi/precompile/fhe/contract.go:1138.2,1138.42 1 1
github.com/luxfi/precompile/fhe/contract.go:1142.79,1146.15 3 0
github.com/luxfi/precompile/fhe/contract.go:1146.15,1148.3 1 0
github.com/luxfi/precompile/fhe/contract.go:1149.2,1149.36 1 0
github.com/luxfi/precompile/fhe/contract.go:1153.115,1155.9 2 0
github.com/luxfi/precompile/fhe/contract.go:1155.9,1157.3 1 0
github.com/luxfi/precompile/fhe/contract.go:1159.2,1160.12 2 0
github.com/luxfi/precompile/fhe/contract.go:1161.19,1162.54 1 0
github.com/luxfi/precompile/fhe/contract.go:1163.19,1164.54 1 0
github.com/luxfi/precompile/fhe/contract.go:1165.19,1166.54 1 0
github.com/luxfi/precompile/fhe/contract.go:1167.19,1168.54 1 0
github.com/luxfi/precompile/fhe/contract.go:1169.19,1170.54 1 0
github.com/luxfi/precompile/fhe/contract.go:1171.10,1172.23 1 0
github.com/luxfi/precompile/fhe/contract.go:1175.2,1175.19 1 0
github.com/luxfi/precompile/fhe/contract.go:1175.19,1177.3 1 0
github.com/luxfi/precompile/fhe/contract.go:1179.2,1179.40 1 0
github.com/luxfi/precompile/fhe/contract.go:1183.108,1185.9 2 0
github.com/luxfi/precompile/fhe/contract.go:1185.9,1187.3 1 0
github.com/luxfi/precompile/fhe/contract.go:1189.2,1190.12 2 0
github.com/luxfi/precompile/fhe/contract.go:1191.13,1192.38 1 0
github.com/luxfi/precompile/fhe/contract.go:1193.13,1194.38 1 0
github.com/luxfi/precompile/fhe/contract.go:1195.14,1196.39 1 0
github.com/luxfi/precompile/fhe/contract.go:1197.14,1198.39 1 0
github.com/luxfi/precompile/fhe/contract.go:1199.10,1200.23 1 0
github.com/luxfi/precompile/fhe/contract.go:1203.2,1203.19 1 0
github.com/luxfi/precompile/fhe/contract.go:1203.19,1205.3 1 0
github.com/luxfi/precompile/fhe/contract.go:1207.2,1207.40 1 0
github.com/luxfi/precompile/fhe/contract.go:1211.90,1213.9 2 0
github.com/luxfi/precompile/fhe/contract.go:1213.9,1215.3 1 0
github.com/luxfi/precompile/fhe/contract.go:1217.2,1218.19 2 0
github.com/luxfi/precompile/fhe/contract.go:1218.19,1220.3 1 0
github.com/luxfi/precompile/fhe/contract.go:1222.2,1222.40 1 0
github.com/luxfi/precompile/fhe/contract.go:1226.90,1228.15 2 0
github.com/luxfi/precompile/fhe/contract.go:1228.15,1230.3 1 0
github.com/luxfi/precompile/fhe/contract.go:1231.2,1231.36 1 0
github.com/luxfi/precompile/fhe/contract.go:1235.76,1237.9 2 0
github.com/luxfi/precompile/fhe/contract.go:1237.9,1239.3 1 0
github.com/luxfi/precompile/fhe/contract.go:1241.2,1241.32 1 0
github.com/luxfi/precompile/fhe/contract.go:1245.92,1246.38 1 0
github.com/luxfi/precompile/fhe/contract.go:1246.38,1248.3 1 0
github.com/luxfi/precompile/fhe/contract.go:1249.2,1249.45 1 0
github.com/luxfi/precompile/fhe/contract.go:1253.95,1255.9 2 0
github.com/luxfi/precompile/fhe/contract.go:1255.9,1257.3 1 0
github.com/luxfi/precompile/fhe/contract.go:1258.2,1258.46 1 0
github.com/luxfi/precompile/fhe/fhe_ops.go:30.23,31.21 1 1
github.com/luxfi/precompile/fhe/fhe_ops.go:31.21,36.17 3 1
github.com/luxfi/precompile/fhe/fhe_ops.go:36.17,39.4 2 0
github.com/luxfi/precompile/fhe/fhe_ops.go:42.3,49.62 6 1
github.com/luxfi/precompile/fhe/fhe_ops.go:52.2,52.16 1 1
github.com/luxfi/precompile/fhe/fhe_ops.go:56.55,57.17 1 1
github.com/luxfi/precompile/fhe/fhe_ops.go:58.17,59.21 1 1
github.com/luxfi/precompile/fhe/fhe_ops.go:60.18,61.22 1 1
github.com/luxfi/precompile/fhe/fhe_ops.go:62.19,63.23 1 1
github.com/luxfi/precompile/fhe/fhe_ops.go:64.19,65.23 1 1
github.com/luxfi/precompile/fhe/fhe_ops.go:66.19,67.23 1 1
github.com/luxfi/precompile/fhe/fhe_ops.go:68.20,69.24 1 1
github.com/luxfi/precompile/fhe/fhe_ops.go:70.20,71.24 1 1
github.com/luxfi/precompile/fhe/fhe_ops.go:72.20,73.24 1 1
github.com/luxfi/precompile/fhe/fhe_ops.go:74.10,75.23 1 0
github.com/luxfi/precompile/fhe/fhe_ops.go:80.59,81.15 1 1
github.com/luxfi/precompile/fhe/fhe_ops.go:81.15,83.3 1 0
github.com/luxfi/precompile/fhe/fhe_ops.go:84.2,85.16 2 1
github.com/luxfi/precompile/fhe/fhe_ops.go:85.16,87.3 1 0
github.com/luxfi/precompile/fhe/fhe_ops.go:88.2,88.13 1 1
github.com/luxfi/precompile/fhe/fhe_ops.go:92.63,93.20 1 1
github.com/luxfi/precompile/fhe/fhe_ops.go:93.20,95.3 1 0
github.com/luxfi/precompile/fhe/fhe_ops.go:96.2,97.49 2 1
github.com/luxfi/precompile/fhe/fhe_ops.go:97.49,99.3 1 1
github.com/luxfi/precompile/fhe/fhe_ops.go:100.2,100.11 1 1
github.com/luxfi/precompile/fhe/fhe_ops.go:104.53,105.15 1 0
github.com/luxfi/precompile/fhe/fhe_ops.go:105.15,107.3 1 0
github.com/luxfi/precompile/fhe/fhe_ops.go:108.2,109.16 2 0
github.com/luxfi/precompile/fhe/fhe_ops.go:109.16,111.3 1 0
github.com/luxfi/precompile/fhe/fhe_ops.go:112.2,112.13 1 0
github.com/luxfi/precompile/fhe/fhe_ops.go:116.57,117.20 1 0
github.com/luxfi/precompile/fhe/fhe_ops.go:117.20,119.3 1 0
github.com/luxfi/precompile/fhe/fhe_ops.go:120.2,121.49 2 0
github.com/luxfi/precompile/fhe/fhe_ops.go:121.49,123.3 1 0
github.com/luxfi/precompile/fhe/fhe_ops.go:124.2,124.11 1 0
github.com/luxfi/precompile/fhe/fhe_ops.go:129.53,130.35 1 1
github.com/luxfi/precompile/fhe/fhe_ops.go:130.35,132.3 1 0
github.com/luxfi/precompile/fhe/fhe_ops.go:134.2,136.34 3 1
github.com/luxfi/precompile/fhe/fhe_ops.go:136.34,138.3 1 0
github.com/luxfi/precompile/fhe/fhe_ops.go:140.2,141.16 2 1
github.com/luxfi/precompile/fhe/fhe_ops.go:141.16,143.3 1 0
github.com/luxfi/precompile/fhe/fhe_ops.go:145.2,145.39 1 1
github.com/luxfi/precompile/fhe/fhe_ops.go:148.53,149.35 1 1
github.com/luxfi/precompile/fhe/fhe_ops.go:149.35,151.3 1 0
github.com/luxfi/precompile/fhe/fhe_ops.go:153.2,155.34 3 1
github.com/luxfi/precompile/fhe/fhe_ops.go:155.34,157.3 1 0
github.com/luxfi/precompile/fhe/fhe_ops.go:159.2,160.16 2 1
github.com/luxfi/precompile/fhe/fhe_ops.go:160.16,162.3 1 0
github.com/luxfi/precompile/fhe/fhe_ops.go:164.2,164.39 1 1
github.com/luxfi/precompile/fhe/fhe_ops.go:167.53,168.35 1 1
github.com/luxfi/precompile/fhe/fhe_ops.go:168.35,170.3 1 0
github.com/luxfi/precompile/fhe/fhe_ops.go:172.2,174.34 3 1
github.com/luxfi/precompile/fhe/fhe_ops.go:174.34,176.3 1 0
github.com/luxfi/precompile/fhe/fhe_ops.go:180.2,181.16 2 1
github.com/luxfi/precompile/fhe/fhe_ops.go:181.16,183.3 1 0
github.com/luxfi/precompile/fhe/fhe_ops.go:185.2,185.39 1 1
github.com/luxfi/precompile/fhe/fhe_ops.go:188.53,189.35 1 0
github.com/luxfi/precompile/fhe/fhe_ops.go:189.35,191.3 1 0
github.com/luxfi/precompile/fhe/fhe_ops.go:193.2,195.34 3 0
github.com/luxfi/precompile/fhe/fhe_ops.go:195.34,197.3 1 0
github.com/luxfi/precompile/fhe/fhe_ops.go:200.2,201.16 2 0
github.com/luxfi/precompile/fhe/fhe_ops.go:201.16,203.3 1 0
github.com/luxfi/precompile/fhe/fhe_ops.go:205.2,205.39 1 0
github.com/luxfi/precompile/fhe/fhe_ops.go:208.53,209.35 1 0
github.com/luxfi/precompile/fhe/fhe_ops.go:209.35,211.3 1 0
github.com/luxfi/precompile/fhe/fhe_ops.go:213.2,215.34 3 0
github.com/luxfi/precompile/fhe/fhe_ops.go:215.34,217.3 1 0
github.com/luxfi/precompile/fhe/fhe_ops.go:220.2,221.16 2 0
github.com/luxfi/precompile/fhe/fhe_ops.go:221.16,223.3 1 0
github.com/luxfi/precompile/fhe/fhe_ops.go:225.2,225.39 1 0
github.com/luxfi/precompile/fhe/fhe_ops.go:231.52,232.35 1 1
github.com/luxfi/precompile/fhe/fhe_ops.go:232.35,234.3 1 0
github.com/luxfi/precompile/fhe/fhe_ops.go:236.2,238.34 3 1
github.com/luxfi/precompile/fhe/fhe_ops.go:238.34,240.3 1 0
github.com/luxfi/precompile/fhe/fhe_ops.go:242.2,243.16 2 1
github.com/luxfi/precompile/fhe/fhe_ops.go:243.16,245.3 1 0
github.com/luxfi/precompile/fhe/fhe_ops.go:248.2,249.39 2 1
github.com/luxfi/precompile/fhe/fhe_ops.go:252.52,253.35 1 1
github.com/luxfi/precompile/fhe/fhe_ops.go:253.35,255.3 1 0
github.com/luxfi/precompile/fhe/fhe_ops.go:257.2,259.34 3 1
github.com/luxfi/precompile/fhe/fhe_ops.go:259.34,261.3 1 0
github.com/luxfi/precompile/fhe/fhe_ops.go:263.2,264.16 2 1
github.com/luxfi/precompile/fhe/fhe_ops.go:264.16,266.3 1 0
github.com/luxfi/precompile/fhe/fhe_ops.go:268.2,269.39 2 1
github.com/luxfi/precompile/fhe/fhe_ops.go:272.52,273.35 1 1
github.com/luxfi/precompile/fhe/fhe_ops.go:273.35,275.3 1 0
github.com/luxfi/precompile/fhe/fhe_ops.go:277.2,279.34 3 1
github.com/luxfi/precompile/fhe/fhe_ops.go:279.34,281.3 1 0
github.com/luxfi/precompile/fhe/fhe_ops.go:283.2,284.16 2 1
github.com/luxfi/precompile/fhe/fhe_ops.go:284.16,286.3 1 0
github.com/luxfi/precompile/fhe/fhe_ops.go:288.2,289.39 2 1
github.com/luxfi/precompile/fhe/fhe_ops.go:292.52,293.35 1 1
github.com/luxfi/precompile/fhe/fhe_ops.go:293.35,295.3 1 0
github.com/luxfi/precompile/fhe/fhe_ops.go:297.2,299.34 3 1
github.com/luxfi/precompile/fhe/fhe_ops.go:299.34,301.3 1 0
github.com/luxfi/precompile/fhe/fhe_ops.go:303.2,304.16 2 1
github.com/luxfi/precompile/fhe/fhe_ops.go:304.16,306.3 1 0
github.com/luxfi/precompile/fhe/fhe_ops.go:308.2,309.39 2 1
github.com/luxfi/precompile/fhe/fhe_ops.go:312.52,313.35 1 1
github.com/luxfi/precompile/fhe/fhe_ops.go:313.35,315.3 1 0
github.com/luxfi/precompile/fhe/fhe_ops.go:317.2,319.34 3 1
github.com/luxfi/precompile/fhe/fhe_ops.go:319.34,321.3 1 0
github.com/luxfi/precompile/fhe/fhe_ops.go:323.2,324.16 2 1
github.com/luxfi/precompile/fhe/fhe_ops.go:324.16,326.3 1 0
github.com/luxfi/precompile/fhe/fhe_ops.go:328.2,329.39 2 1
github.com/luxfi/precompile/fhe/fhe_ops.go:332.52,333.35 1 0
github.com/luxfi/precompile/fhe/fhe_ops.go:333.35,335.3 1 0
github.com/luxfi/precompile/fhe/fhe_ops.go:337.2,339.34 3 0
github.com/luxfi/precompile/fhe/fhe_ops.go:339.34,341.3 1 0
github.com/luxfi/precompile/fhe/fhe_ops.go:344.2,345.16 2 0
github.com/luxfi/precompile/fhe/fhe_ops.go:345.16,347.3 1 0
github.com/luxfi/precompile/fhe/fhe_ops.go:348.2,349.16 2 0
github.com/luxfi/precompile/fhe/fhe_ops.go:349.16,351.3 1 0
github.com/luxfi/precompile/fhe/fhe_ops.go:354.2,358.16 4 0
github.com/luxfi/precompile/fhe/fhe_ops.go:358.16,360.3 1 0
github.com/luxfi/precompile/fhe/fhe_ops.go:363.2,363.41 1 0
github.com/luxfi/precompile/fhe/fhe_ops.go:368.53,369.35 1 1
github.com/luxfi/precompile/fhe/fhe_ops.go:369.35,371.3 1 0
github.com/luxfi/precompile/fhe/fhe_ops.go:373.2,375.34 3 1
github.com/luxfi/precompile/fhe/fhe_ops.go:375.34,377.3 1 0
github.com/luxfi/precompile/fhe/fhe_ops.go:379.2,380.16 2 1
github.com/luxfi/precompile/fhe/fhe_ops.go:380.16,382.3 1 0
github.com/luxfi/precompile/fhe/fhe_ops.go:384.2,384.39 1 1
github.com/luxfi/precompile/fhe/fhe_ops.go:387.52,388.35 1 1
github.com/luxfi/precompile/fhe/fhe_ops.go:388.35,390.3 1 0
github.com/luxfi/precompile/fhe/fhe_ops.go:392.2,394.34 3 1
github.com/luxfi/precompile/fhe/fhe_ops.go:394.34,396.3 1 0
github.com/luxfi/precompile/fhe/fhe_ops.go:398.2,399.16 2 1
github.com/luxfi/precompile/fhe/fhe_ops.go:399.16,401.3 1 0
github.com/luxfi/precompile/fhe/fhe_ops.go:403.2,403.39 1 1
github.com/luxfi/precompile/fhe/fhe_ops.go:406.53,407.35 1 1
github.com/luxfi/precompile/fhe/fhe_ops.go:407.35,409.3 1 0
github.com/luxfi/precompile/fhe/fhe_ops.go:411.2,413.34 3 1
github.com/luxfi/precompile/fhe/fhe_ops.go:413.34,415.3 1 0
github.com/luxfi/precompile/fhe/fhe_ops.go:417.2,418.16 2 1
github.com/luxfi/precompile/fhe/fhe_ops.go:418.16,420.3 1 0
github.com/luxfi/precompile/fhe/fhe_ops.go:422.2,422.39 1 1
github.com/luxfi/precompile/fhe/fhe_ops.go:425.47,426.35 1 1
github.com/luxfi/precompile/fhe/fhe_ops.go:426.35,428.3 1 0
github.com/luxfi/precompile/fhe/fhe_ops.go:430.2,431.17 2 1
github.com/luxfi/precompile/fhe/fhe_ops.go:431.17,433.3 1 0
github.com/luxfi/precompile/fhe/fhe_ops.go:436.2,437.39 2 1
github.com/luxfi/precompile/fhe/fhe_ops.go:440.47,441.35 1 0
github.com/luxfi/precompile/fhe/fhe_ops.go:441.35,443.3 1 0
github.com/luxfi/precompile/fhe/fhe_ops.go:445.2,446.17 2 0
github.com/luxfi/precompile/fhe/fhe_ops.go:446.17,448.3 1 0
github.com/luxfi/precompile/fhe/fhe_ops.go:451.2,452.16 2 0
github.com/luxfi/precompile/fhe/fhe_ops.go:452.16,454.3 1 0
github.com/luxfi/precompile/fhe/fhe_ops.go:456.2,456.39 1 0
github.com/luxfi/precompile/fhe/fhe_ops.go:461.72,462.35 1 0
github.com/luxfi/precompile/fhe/fhe_ops.go:462.35,464.3 1 0
github.com/luxfi/precompile/fhe/fhe_ops.go:467.2,470.57 4 0
github.com/luxfi/precompile/fhe/fhe_ops.go:470.57,472.3 1 0
github.com/luxfi/precompile/fhe/fhe_ops.go:475.2,476.16 2 0
github.com/luxfi/precompile/fhe/fhe_ops.go:476.16,478.3 1 0
github.com/luxfi/precompile/fhe/fhe_ops.go:480.2,480.39 1 0
github.com/luxfi/precompile/fhe/fhe_ops.go:483.57,484.35 1 1
github.com/luxfi/precompile/fhe/fhe_ops.go:484.35,486.3 1 0
github.com/luxfi/precompile/fhe/fhe_ops.go:488.2,489.17 2 1
github.com/luxfi/precompile/fhe/fhe_ops.go:489.17,491.3 1 0
github.com/luxfi/precompile/fhe/fhe_ops.go:493.2,497.39 3 1
github.com/luxfi/precompile/fhe/fhe_ops.go:502.53,503.35 1 1
github.com/luxfi/precompile/fhe/fhe_ops.go:503.35,505.3 1 0
github.com/luxfi/precompile/fhe/fhe_ops.go:507.2,509.34 3 1
github.com/luxfi/precompile/fhe/fhe_ops.go:509.34,511.3 1 0
github.com/luxfi/precompile/fhe/fhe_ops.go:514.2,515.16 2 1
github.com/luxfi/precompile/fhe/fhe_ops.go:515.16,517.3 1 0
github.com/luxfi/precompile/fhe/fhe_ops.go:519.2,520.16 2 1
github.com/luxfi/precompile/fhe/fhe_ops.go:520.16,522.3 1 0
github.com/luxfi/precompile/fhe/fhe_ops.go:524.2,524.39 1 1
github.com/luxfi/precompile/fhe/fhe_ops.go:527.53,528.35 1 1
github.com/luxfi/precompile/fhe/fhe_ops.go:528.35,530.3 1 0
github.com/luxfi/precompile/fhe/fhe_ops.go:532.2,534.34 3 1
github.com/luxfi/precompile/fhe/fhe_ops.go:534.34,536.3 1 0
github.com/luxfi/precompile/fhe/fhe_ops.go:539.2,540.16 2 1
github.com/luxfi/precompile/fhe/fhe_ops.go:540.16,542.3 1 0
github.com/luxfi/precompile/fhe/fhe_ops.go:544.2,545.16 2 1
github.com/luxfi/precompile/fhe/fhe_ops.go:545.16,547.3 1 0
github.com/luxfi/precompile/fhe/fhe_ops.go:549.2,549.39 1 1
github.com/luxfi/precompile/fhe/fhe_ops.go:554.48,557.2 1 1
github.com/luxfi/precompile/fhe/fhe_ops.go:559.53,560.35 1 1
github.com/luxfi/precompile/fhe/fhe_ops.go:560.35,562.3 1 0
github.com/luxfi/precompile/fhe/fhe_ops.go:564.2,565.17 2 1
github.com/luxfi/precompile/fhe/fhe_ops.go:565.17,567.3 1 0
github.com/luxfi/precompile/fhe/fhe_ops.go:569.2,570.42 2 1
github.com/luxfi/precompile/fhe/fhe_ops.go:573.66,574.35 1 1
github.com/luxfi/precompile/fhe/fhe_ops.go:574.35,576.3 1 0
github.com/luxfi/precompile/fhe/fhe_ops.go:578.2,582.35 3 1
github.com/luxfi/precompile/fhe/fhe_ops.go:585.58,595.2 6 0
github.com/luxfi/precompile/fhe/fhe_ops.go:597.52,598.35 1 1
github.com/luxfi/precompile/fhe/fhe_ops.go:598.35,600.3 1 0
github.com/luxfi/precompile/fhe/fhe_ops.go:603.2,612.35 6 1
github.com/luxfi/precompile/fhe/fhe_ops.go:615.39,616.35 1 1
github.com/luxfi/precompile/fhe/fhe_ops.go:616.35,618.3 1 0
github.com/luxfi/precompile/fhe/fhe_ops.go:620.2,620.22 1 1
github.com/luxfi/precompile/fhe/fhe_ops.go:620.22,622.3 1 0
github.com/luxfi/precompile/fhe/fhe_ops.go:624.2,625.16 2 1
github.com/luxfi/precompile/fhe/fhe_ops.go:625.16,630.3 3 0
github.com/luxfi/precompile/fhe/fhe_ops.go:632.2,632.13 1 1
github.com/luxfi/precompile/fhe/fhe_ops.go:637.58,638.35 1 1
github.com/luxfi/precompile/fhe/fhe_ops.go:638.35,640.3 1 0
github.com/luxfi/precompile/fhe/fhe_ops.go:642.2,643.17 2 1
github.com/luxfi/precompile/fhe/fhe_ops.go:643.17,645.3 1 0
github.com/luxfi/precompile/fhe/fhe_ops.go:648.2,649.39 2 1
github.com/luxfi/precompile/fhe/fhe_ops.go:652.58,653.35 1 1
github.com/luxfi/precompile/fhe/fhe_ops.go:653.35,655.3 1 0
github.com/luxfi/precompile/fhe/fhe_ops.go:657.2,658.17 2 1
github.com/luxfi/precompile/fhe/fhe_ops.go:658.17,660.3 1 0
github.com/luxfi/precompile/fhe/fhe_ops.go:663.2,664.39 2 1
github.com/luxfi/precompile/fhe/fhe_ops.go:667.59,668.35 1 0
github.com/luxfi/precompile/fhe/fhe_ops.go:668.35,670.3 1 0
github.com/luxfi/precompile/fhe/fhe_ops.go:672.2,673.17 2 0
github.com/luxfi/precompile/fhe/fhe_ops.go:673.17,675.3 1 0
github.com/luxfi/precompile/fhe/fhe_ops.go:678.2,685.16 6 0
github.com/luxfi/precompile/fhe/fhe_ops.go:685.16,687.3 1 0
github.com/luxfi/precompile/fhe/fhe_ops.go:689.2,689.39 1 0
github.com/luxfi/precompile/fhe/fhe_ops.go:692.59,693.35 1 0
github.com/luxfi/precompile/fhe/fhe_ops.go:693.35,695.3 1 0
github.com/luxfi/precompile/fhe/fhe_ops.go:697.2,698.17 2 0
github.com/luxfi/precompile/fhe/fhe_ops.go:698.17,700.3 1 0
github.com/luxfi/precompile/fhe/fhe_ops.go:703.2,710.16 6 0
github.com/luxfi/precompile/fhe/fhe_ops.go:710.16,712.3 1 0
github.com/luxfi/precompile/fhe/fhe_ops.go:714.2,714.39 1 0
github.com/luxfi/precompile/fhe/fhe_ops.go:719.68,720.35 1 1
github.com/luxfi/precompile/fhe/fhe_ops.go:720.35,722.3 1 0
github.com/luxfi/precompile/fhe/fhe_ops.go:724.2,725.17 2 1
github.com/luxfi/precompile/fhe/fhe_ops.go:725.17,727.3 1 0
github.com/luxfi/precompile/fhe/fhe_ops.go:729.2,730.16 2 1
github.com/luxfi/precompile/fhe/fhe_ops.go:730.16,732.3 1 0
github.com/luxfi/precompile/fhe/fhe_ops.go:734.2,734.39 1 1
github.com/luxfi/precompile/fhe/fhe_ops.go:737.68,738.35 1 0
github.com/luxfi/precompile/fhe/fhe_ops.go:738.35,740.3 1 0
github.com/luxfi/precompile/fhe/fhe_ops.go:742.2,743.17 2 0
github.com/luxfi/precompile/fhe/fhe_ops.go:743.17,745.3 1 0
github.com/luxfi/precompile/fhe/fhe_ops.go:749.2,754.16 5 0
github.com/luxfi/precompile/fhe/fhe_ops.go:754.16,756.3 1 0
github.com/luxfi/precompile/fhe/fhe_ops.go:758.2,758.39 1 0
github.com/luxfi/precompile/fhe/fhe_ops.go:761.68,762.35 1 1
github.com/luxfi/precompile/fhe/fhe_ops.go:762.35,764.3 1 0
github.com/luxfi/precompile/fhe/fhe_ops.go:766.2,767.17 2 1
github.com/luxfi/precompile/fhe/fhe_ops.go:767.17,769.3 1 0
github.com/luxfi/precompile/fhe/fhe_ops.go:771.2,772.16 2 1
github.com/luxfi/precompile/fhe/fhe_ops.go:772.16,774.3 1 0
github.com/luxfi/precompile/fhe/fhe_ops.go:776.2,776.39 1 1
github.com/luxfi/precompile/fhe/fhe_ops.go:779.68,780.35 1 0
github.com/luxfi/precompile/fhe/fhe_ops.go:780.35,782.3 1 0
github.com/luxfi/precompile/fhe/fhe_ops.go:784.2,784.17 1 0
github.com/luxfi/precompile/fhe/fhe_ops.go:784.17,787.3 1 0
github.com/luxfi/precompile/fhe/fhe_ops.go:789.2,790.17 2 0
github.com/luxfi/precompile/fhe/fhe_ops.go:790.17,792.3 1 0
github.com/luxfi/precompile/fhe/fhe_ops.go:795.2,799.16 4 0
github.com/luxfi/precompile/fhe/fhe_ops.go:799.16,801.3 1 0
github.com/luxfi/precompile/fhe/fhe_ops.go:803.2,803.39 1 0
github.com/luxfi/precompile/fhe/fhe_ops.go:806.68,807.35 1 0
github.com/luxfi/precompile/fhe/fhe_ops.go:807.35,809.3 1 0
github.com/luxfi/precompile/fhe/fhe_ops.go:811.2,811.17 1 0
github.com/luxfi/precompile/fhe/fhe_ops.go:811.17,814.3 1 0
github.com/luxfi/precompile/fhe/fhe_ops.go:816.2,817.17 2 0
github.com/luxfi/precompile/fhe/fhe_ops.go:817.17,819.3 1 0
github.com/luxfi/precompile/fhe/fhe_ops.go:822.2,826.16 4 0
github.com/luxfi/precompile/fhe/fhe_ops.go:826.16,828.3 1 0
github.com/luxfi/precompile/fhe/fhe_ops.go:830.2,830.39 1 0
github.com/luxfi/precompile/fhe/fhe_ops.go:834.41,835.35 1 0
github.com/luxfi/precompile/fhe/fhe_ops.go:835.35,837.3 1 0
github.com/luxfi/precompile/fhe/fhe_ops.go:839.2,841.39 3 0
github.com/luxfi/precompile/fhe/fhe_ops.go:845.26,847.2 1 0
github.com/luxfi/precompile/fhe/module.go:46.13,49.55 1 1
github.com/luxfi/precompile/fhe/module.go:49.55,50.13 1 0
github.com/luxfi/precompile/fhe/module.go:56.59,58.2 1 0
github.com/luxfi/precompile/fhe/module.go:61.182,63.9 2 0
github.com/luxfi/precompile/fhe/module.go:63.9,65.3 1 0
github.com/luxfi/precompile/fhe/module.go:67.2,68.12 2 0
